<?xml version="1.0" encoding="UTF-8"?>
<!-- Generated by org.testng.reporters.JUnitXMLReporter -->
<testsuite ignored="0" hostname="PU-NB-RSHA2" failures="0" tests="4" name="Default test" time="464.154" errors="0" timestamp="2024-11-12T10:58:10 IST">
  <testcase classname="com.pinsystem.Digital_Campaign_scheduleTestCase" name="digital_campaign" time="97.542"/>
  <testcase classname="com.pinsystem.Digital_Campaign_scheduleTestCase" name="Digital_Schedule" time="219.388"/>
  <testcase classname="com.pinsystem.Digital_Campaign_scheduleTestCase" name="view_line_by_line" time="120.995"/>
  <testcase classname="com.pinsystem.Digital_Campaign_scheduleTestCase" name="viewMOpage" time="1.922"/>
</testsuite> <!-- Default test -->
