<?xml version="1.0" encoding="UTF-8"?>
<!-- Generated by org.testng.reporters.JUnitXMLReporter -->
<testsuite ignored="15" hostname="PU-NB-RSHA2" failures="0" tests="0" time="0.012" errors="0" timestamp="2025-06-06T17:45:56 IST">
  <testcase classname="com.pin.automation.Digital_Campaign_scheduleTestCase" name="digital_campaign" time="0.0">
    <ignored/>
  </testcase> <!-- digital_campaign -->
  <testcase classname="com.pin.automation.Create_invoiceAndCreditNote_testCase" name="createInvoice" time="0.0">
    <ignored/>
  </testcase> <!-- createInvoice -->
  <testcase classname="com.pin.automation.Mix_mediaSchedule" name="new_Schedule" time="0.0">
    <ignored/>
  </testcase> <!-- new_Schedule -->
  <testcase classname="com.pin.automation.Create_invoiceAndCreditNote_testCase" name="CreditNote" time="0.0">
    <ignored/>
  </testcase> <!-- CreditNote -->
  <testcase classname="com.pin.automation.TestBase" name="@BeforeSuite beforeSuite" time="0.0">
    <ignored/>
  </testcase> <!-- @BeforeSuite beforeSuite -->
  <testcase classname="com.pin.automation.Digital_Campaign_scheduleTestCase" name="clientInvoiceRemark" time="0.0">
    <ignored/>
  </testcase> <!-- clientInvoiceRemark -->
  <testcase classname="com.pin.automation.TestBase" name="@BeforeSuite beforeSuite" time="0.0">
    <ignored/>
  </testcase> <!-- @BeforeSuite beforeSuite -->
  <testcase classname="com.pin.automation.Digital_Campaign_scheduleTestCase" name="view_line_by_line" time="0.0">
    <ignored/>
  </testcase> <!-- view_line_by_line -->
  <testcase classname="com.pin.automation.LoginTestCase" name="verify_login_with_valid_credentials" time="0.0">
    <ignored/>
  </testcase> <!-- verify_login_with_valid_credentials -->
  <testcase classname="com.pin.automation.LoginTestCase" name="verify_login_without_username_and_Password" time="0.0">
    <ignored/>
  </testcase> <!-- verify_login_without_username_and_Password -->
  <testcase classname="com.pin.automation.LoginTestCase" name="verify_login_with_invalid_credentials" time="0.0">
    <ignored/>
  </testcase> <!-- verify_login_with_invalid_credentials -->
  <testcase classname="com.pin.automation.Digital_Campaign_scheduleTestCase" name="Digital_Schedule" time="0.0">
    <ignored/>
  </testcase> <!-- Digital_Schedule -->
  <testcase classname="com.pin.automation.Mix_mediaSchedule" name="new_Campaign" time="0.0">
    <ignored/>
  </testcase> <!-- new_Campaign -->
  <testcase classname="com.pin.automation.Digital_Campaign_scheduleTestCase" name="viewMOpage" time="0.0">
    <ignored/>
  </testcase> <!-- viewMOpage -->
  <testcase classname="com.pin.automation.TestBase" name="@BeforeSuite beforeSuite" time="0.0">
    <ignored/>
  </testcase> <!-- @BeforeSuite beforeSuite -->
</testsuite>
