<?xml version="1.0" encoding="UTF-8"?>
<!-- Generated by org.testng.reporters.JUnitXMLReporter -->
<testsuite ignored="1" hostname="PU-NB-RSHA2" failures="0" tests="4" name="Test" time="67.019" errors="0" timestamp="2024-02-27T14:44:23 IST">
  <testcase classname="com.pinsystem.LoginTestCase" name="verify_login_page_withInValid_creds" time="5.074"/>
  <testcase classname="com.pinsystem.LoginTestCase" name="verify_login_page_withOut_username" time="3.733"/>
  <testcase classname="com.pinsystem.LoginTestCase" name="verify_login_page_withValid_creds" time="6.26"/>
  <testcase classname="com.pinsystem.Menu" name="listBuyingCampaign" time="27.085"/>
  <testcase classname="com.pinsystem.TestBase4" name="@BeforeSuite beforeSuite" time="0.0">
    <ignored/>
  </testcase> <!-- @BeforeSuite beforeSuite -->
</testsuite> <!-- Test -->
