<?xml version="1.0" encoding="UTF-8"?>
<!-- Generated by org.testng.reporters.JUnitXMLReporter -->
<testsuite ignored="2" hostname="PU-NB-RSHA2" failures="0" tests="7" name="Test" time="232.528" errors="0" timestamp="2024-03-01T16:19:29 IST">
  <testcase classname="com.pinsystem.LoginTestCase" name="verify_login_page_withInValid_creds" time="2.312"/>
  <testcase classname="com.pinsystem.LoginTestCase" name="verify_login_page_withOut_username" time="3.495"/>
  <testcase classname="com.pinsystem.LoginTestCase" name="verify_login_page_withValid_creds" time="6.008"/>
  <testcase classname="com.pinsystem.NavigateToCampaignMenuTabs" name="NavigationToListCampaignAllTabs" time="59.023"/>
  <testcase classname="com.pinsystem.NavigateToCampaignMenuTabs" name="navigateToListScheduleTab" time="2.083"/>
  <testcase classname="com.pinsystem.NavigateToCampaignMenuTabs" name="navigateToListMO" time="2.367"/>
  <testcase classname="com.pinsystem.SearchRecords" name="searchSchedule" time="117.032"/>
  <testcase classname="com.pinsystem.TestBase" name="@BeforeSuite beforeSuite" time="0.0">
    <ignored/>
  </testcase> <!-- @BeforeSuite beforeSuite -->
  <testcase classname="com.pinsystem.TestBase" name="@BeforeSuite beforeSuite" time="0.0">
    <ignored/>
  </testcase> <!-- @BeforeSuite beforeSuite -->
</testsuite> <!-- Test -->
