<?xml version="1.0" encoding="UTF-8"?>
<testng-results ignored="2" total="9" passed="7" failed="0" skipped="0">
  <reporter-output>
  </reporter-output>
  <suite started-at="2024-03-01T17:53:45 IST" name="Suite" finished-at="2024-03-01T17:56:36 IST" duration-ms="170733">
    <groups>
    </groups>
    <test started-at="2024-03-01T17:53:45 IST" name="Test" finished-at="2024-03-01T17:56:36 IST" duration-ms="170733">
      <class name="com.pinsystem.NavigateToCampaignMenuTabs">
        <test-method is-config="true" signature="BeforeClass()[pri:0, instance:com.pinsystem.NavigateToCampaignMenuTabs@3a0807b7]" started-at="2024-03-01T17:54:11 IST" name="BeforeClass" finished-at="2024-03-01T17:54:18 IST" duration-ms="6971" status="PASS">
          <reporter-output>
          </reporter-output>
        </test-method> <!-- BeforeClass -->
        <test-method is-config="true" signature="beforeMethod(java.lang.reflect.Method)[pri:0, instance:com.pinsystem.NavigateToCampaignMenuTabs@3a0807b7]" started-at="2024-03-01T17:54:18 IST" name="beforeMethod" finished-at="2024-03-01T17:54:18 IST" duration-ms="1" status="PASS">
          <params>
            <param index="0">
              <value>
                <![CDATA[public void com.pinsystem.NavigateToCampaignMenuTabs.NavigationToListCampaignAllTabs() throws java.io.IOException,java.lang.InterruptedException]]>
              </value>
            </param>
          </params>
          <reporter-output>
          </reporter-output>
        </test-method> <!-- beforeMethod -->
        <test-method signature="NavigationToListCampaignAllTabs()[pri:0, instance:com.pinsystem.NavigateToCampaignMenuTabs@3a0807b7]" started-at="2024-03-01T17:54:18 IST" name="NavigationToListCampaignAllTabs" description="Navigation To List Campaign All Tabs" finished-at="2024-03-01T17:55:16 IST" duration-ms="57920" status="PASS">
          <reporter-output>
          </reporter-output>
        </test-method> <!-- NavigationToListCampaignAllTabs -->
        <test-method is-config="true" signature="afterMethod(org.testng.ITestResult)[pri:0, instance:com.pinsystem.NavigateToCampaignMenuTabs@3a0807b7]" started-at="2024-03-01T17:55:16 IST" name="afterMethod" finished-at="2024-03-01T17:55:17 IST" duration-ms="623" status="PASS">
          <params>
            <param index="0">
              <value>
                <![CDATA[[TestResult name=NavigationToListCampaignAllTabs status=SUCCESS method=NavigateToCampaignMenuTabs.NavigationToListCampaignAllTabs()[pri:0, instance:com.pinsystem.NavigateToCampaignMenuTabs@3a0807b7] output={null}]]]>
              </value>
            </param>
          </params>
          <reporter-output>
          </reporter-output>
        </test-method> <!-- afterMethod -->
        <test-method is-config="true" signature="beforeMethod(java.lang.reflect.Method)[pri:0, instance:com.pinsystem.NavigateToCampaignMenuTabs@3a0807b7]" started-at="2024-03-01T17:55:17 IST" name="beforeMethod" finished-at="2024-03-01T17:55:17 IST" duration-ms="2" status="PASS">
          <params>
            <param index="0">
              <value>
                <![CDATA[public void com.pinsystem.NavigateToCampaignMenuTabs.navigateToListScheduleTab()]]>
              </value>
            </param>
          </params>
          <reporter-output>
          </reporter-output>
        </test-method> <!-- beforeMethod -->
        <test-method signature="navigateToListScheduleTab()[pri:0, instance:com.pinsystem.NavigateToCampaignMenuTabs@3a0807b7]" started-at="2024-03-01T17:55:17 IST" name="navigateToListScheduleTab" description="Navigation To List Schedule All Tabs" finished-at="2024-03-01T17:55:19 IST" depends-on-methods="com.pinsystem.NavigateToCampaignMenuTabs.NavigationToListCampaignAllTabs" duration-ms="2203" status="PASS">
          <reporter-output>
          </reporter-output>
        </test-method> <!-- navigateToListScheduleTab -->
        <test-method is-config="true" signature="afterMethod(org.testng.ITestResult)[pri:0, instance:com.pinsystem.NavigateToCampaignMenuTabs@3a0807b7]" started-at="2024-03-01T17:55:19 IST" name="afterMethod" finished-at="2024-03-01T17:55:19 IST" duration-ms="393" status="PASS">
          <params>
            <param index="0">
              <value>
                <![CDATA[[TestResult name=navigateToListScheduleTab status=SUCCESS method=NavigateToCampaignMenuTabs.navigateToListScheduleTab()[pri:0, instance:com.pinsystem.NavigateToCampaignMenuTabs@3a0807b7] output={null}]]]>
              </value>
            </param>
          </params>
          <reporter-output>
          </reporter-output>
        </test-method> <!-- afterMethod -->
        <test-method is-config="true" signature="beforeMethod(java.lang.reflect.Method)[pri:0, instance:com.pinsystem.NavigateToCampaignMenuTabs@3a0807b7]" started-at="2024-03-01T17:55:19 IST" name="beforeMethod" finished-at="2024-03-01T17:55:19 IST" duration-ms="2" status="PASS">
          <params>
            <param index="0">
              <value>
                <![CDATA[public void com.pinsystem.NavigateToCampaignMenuTabs.navigateToListMO()]]>
              </value>
            </param>
          </params>
          <reporter-output>
          </reporter-output>
        </test-method> <!-- beforeMethod -->
        <test-method signature="navigateToListMO()[pri:0, instance:com.pinsystem.NavigateToCampaignMenuTabs@3a0807b7]" started-at="2024-03-01T17:55:19 IST" name="navigateToListMO" description="Navigation To List MO All Tabs" finished-at="2024-03-01T17:55:21 IST" depends-on-methods="com.pinsystem.NavigateToCampaignMenuTabs.navigateToListScheduleTab" duration-ms="1541" status="PASS">
          <reporter-output>
          </reporter-output>
        </test-method> <!-- navigateToListMO -->
        <test-method is-config="true" signature="afterMethod(org.testng.ITestResult)[pri:0, instance:com.pinsystem.NavigateToCampaignMenuTabs@3a0807b7]" started-at="2024-03-01T17:55:21 IST" name="afterMethod" finished-at="2024-03-01T17:55:21 IST" duration-ms="490" status="PASS">
          <params>
            <param index="0">
              <value>
                <![CDATA[[TestResult name=navigateToListMO status=SUCCESS method=NavigateToCampaignMenuTabs.navigateToListMO()[pri:0, instance:com.pinsystem.NavigateToCampaignMenuTabs@3a0807b7] output={null}]]]>
              </value>
            </param>
          </params>
          <reporter-output>
          </reporter-output>
        </test-method> <!-- afterMethod -->
        <test-method is-config="true" signature="afterClass()[pri:0, instance:com.pinsystem.NavigateToCampaignMenuTabs@3a0807b7]" started-at="2024-03-01T17:55:21 IST" name="afterClass" finished-at="2024-03-01T17:55:22 IST" duration-ms="1086" status="PASS">
          <reporter-output>
          </reporter-output>
        </test-method> <!-- afterClass -->
      </class> <!-- com.pinsystem.NavigateToCampaignMenuTabs -->
      <class name="com.pinsystem.SearchRecords">
        <test-method is-config="true" signature="BeforeClass()[pri:0, instance:com.pinsystem.SearchRecords@21a5fd96]" started-at="2024-03-01T17:55:22 IST" name="BeforeClass" finished-at="2024-03-01T17:55:29 IST" duration-ms="6650" status="PASS">
          <reporter-output>
          </reporter-output>
        </test-method> <!-- BeforeClass -->
        <test-method is-config="true" signature="beforeMethod(java.lang.reflect.Method)[pri:0, instance:com.pinsystem.SearchRecords@21a5fd96]" started-at="2024-03-01T17:55:29 IST" name="beforeMethod" finished-at="2024-03-01T17:55:29 IST" duration-ms="2" status="PASS">
          <params>
            <param index="0">
              <value>
                <![CDATA[public void com.pinsystem.SearchRecords.searchSchedule() throws java.lang.InterruptedException]]>
              </value>
            </param>
          </params>
          <reporter-output>
          </reporter-output>
        </test-method> <!-- beforeMethod -->
        <test-method signature="searchSchedule()[pri:0, instance:com.pinsystem.SearchRecords@21a5fd96]" started-at="2024-03-01T17:55:29 IST" name="searchSchedule" description="Search pending Schedule" finished-at="2024-03-01T17:56:34 IST" duration-ms="65207" status="PASS">
          <reporter-output>
          </reporter-output>
        </test-method> <!-- searchSchedule -->
        <test-method is-config="true" signature="afterMethod(org.testng.ITestResult)[pri:0, instance:com.pinsystem.SearchRecords@21a5fd96]" started-at="2024-03-01T17:56:34 IST" name="afterMethod" finished-at="2024-03-01T17:56:35 IST" duration-ms="631" status="PASS">
          <params>
            <param index="0">
              <value>
                <![CDATA[[TestResult name=searchSchedule status=SUCCESS method=SearchRecords.searchSchedule()[pri:0, instance:com.pinsystem.SearchRecords@21a5fd96] output={null}]]]>
              </value>
            </param>
          </params>
          <reporter-output>
          </reporter-output>
        </test-method> <!-- afterMethod -->
        <test-method is-config="true" signature="afterClass()[pri:0, instance:com.pinsystem.SearchRecords@21a5fd96]" started-at="2024-03-01T17:56:35 IST" name="afterClass" finished-at="2024-03-01T17:56:36 IST" duration-ms="1137" status="PASS">
          <reporter-output>
          </reporter-output>
        </test-method> <!-- afterClass -->
      </class> <!-- com.pinsystem.SearchRecords -->
      <class name="com.pinsystem.LoginTestCase">
        <test-method is-config="true" signature="beforeSuite()[pri:0, instance:com.pinsystem.LoginTestCase@2ca47471]" started-at="2024-03-01T17:53:45 IST" name="beforeSuite" finished-at="2024-03-01T17:53:45 IST" duration-ms="760" status="PASS">
          <reporter-output>
          </reporter-output>
        </test-method> <!-- beforeSuite -->
        <test-method is-config="true" signature="BeforeClass()[pri:0, instance:com.pinsystem.LoginTestCase@2ca47471]" started-at="2024-03-01T17:53:45 IST" name="BeforeClass" finished-at="2024-03-01T17:53:56 IST" duration-ms="10259" status="PASS">
          <reporter-output>
          </reporter-output>
        </test-method> <!-- BeforeClass -->
        <test-method is-config="true" signature="beforeMethod(java.lang.reflect.Method)[pri:0, instance:com.pinsystem.LoginTestCase@2ca47471]" started-at="2024-03-01T17:53:56 IST" name="beforeMethod" finished-at="2024-03-01T17:53:56 IST" duration-ms="19" status="PASS">
          <params>
            <param index="0">
              <value>
                <![CDATA[public void com.pinsystem.LoginTestCase.verify_login_page_withInValid_creds() throws java.lang.InterruptedException,java.io.IOException]]>
              </value>
            </param>
          </params>
          <reporter-output>
          </reporter-output>
        </test-method> <!-- beforeMethod -->
        <test-method signature="verify_login_page_withInValid_creds()[pri:0, instance:com.pinsystem.LoginTestCase@2ca47471]" started-at="2024-03-01T17:53:56 IST" name="verify_login_page_withInValid_creds" description="PINSYS-1755 : Verifying login with invalid username and password" finished-at="2024-03-01T17:53:58 IST" duration-ms="2647" status="PASS">
          <reporter-output>
          </reporter-output>
        </test-method> <!-- verify_login_page_withInValid_creds -->
        <test-method is-config="true" signature="afterMethod(org.testng.ITestResult)[pri:0, instance:com.pinsystem.LoginTestCase@2ca47471]" started-at="2024-03-01T17:53:58 IST" name="afterMethod" finished-at="2024-03-01T17:54:01 IST" duration-ms="2283" status="PASS">
          <params>
            <param index="0">
              <value>
                <![CDATA[[TestResult name=verify_login_page_withInValid_creds status=SUCCESS method=LoginTestCase.verify_login_page_withInValid_creds()[pri:0, instance:com.pinsystem.LoginTestCase@2ca47471] output={null}]]]>
              </value>
            </param>
          </params>
          <reporter-output>
          </reporter-output>
        </test-method> <!-- afterMethod -->
        <test-method is-config="true" signature="beforeMethod(java.lang.reflect.Method)[pri:0, instance:com.pinsystem.LoginTestCase@2ca47471]" started-at="2024-03-01T17:54:01 IST" name="beforeMethod" finished-at="2024-03-01T17:54:01 IST" duration-ms="10" status="PASS">
          <params>
            <param index="0">
              <value>
                <![CDATA[public void com.pinsystem.LoginTestCase.verify_login_page_withOut_username() throws java.io.IOException,java.lang.InterruptedException]]>
              </value>
            </param>
          </params>
          <reporter-output>
          </reporter-output>
        </test-method> <!-- beforeMethod -->
        <test-method signature="verify_login_page_withOut_username()[pri:0, instance:com.pinsystem.LoginTestCase@2ca47471]" started-at="2024-03-01T17:54:01 IST" name="verify_login_page_withOut_username" description="PINSYS-1755 : Verifying login with invalid username" finished-at="2024-03-01T17:54:04 IST" duration-ms="3441" status="PASS">
          <reporter-output>
          </reporter-output>
        </test-method> <!-- verify_login_page_withOut_username -->
        <test-method is-config="true" signature="afterMethod(org.testng.ITestResult)[pri:0, instance:com.pinsystem.LoginTestCase@2ca47471]" started-at="2024-03-01T17:54:04 IST" name="afterMethod" finished-at="2024-03-01T17:54:04 IST" duration-ms="296" status="PASS">
          <params>
            <param index="0">
              <value>
                <![CDATA[[TestResult name=verify_login_page_withOut_username status=SUCCESS method=LoginTestCase.verify_login_page_withOut_username()[pri:0, instance:com.pinsystem.LoginTestCase@2ca47471] output={null}]]]>
              </value>
            </param>
          </params>
          <reporter-output>
          </reporter-output>
        </test-method> <!-- afterMethod -->
        <test-method is-config="true" signature="beforeMethod(java.lang.reflect.Method)[pri:0, instance:com.pinsystem.LoginTestCase@2ca47471]" started-at="2024-03-01T17:54:04 IST" name="beforeMethod" finished-at="2024-03-01T17:54:04 IST" duration-ms="1" status="PASS">
          <params>
            <param index="0">
              <value>
                <![CDATA[public void com.pinsystem.LoginTestCase.verify_login_page_withValid_creds() throws java.lang.InterruptedException,java.io.IOException]]>
              </value>
            </param>
          </params>
          <reporter-output>
          </reporter-output>
        </test-method> <!-- beforeMethod -->
        <test-method signature="verify_login_page_withValid_creds()[pri:0, instance:com.pinsystem.LoginTestCase@2ca47471]" started-at="2024-03-01T17:54:04 IST" name="verify_login_page_withValid_creds" description="PINSYS-1755 : Verifying login with valid username and password" finished-at="2024-03-01T17:54:09 IST" duration-ms="4462" status="PASS">
          <reporter-output>
          </reporter-output>
        </test-method> <!-- verify_login_page_withValid_creds -->
        <test-method is-config="true" signature="afterMethod(org.testng.ITestResult)[pri:0, instance:com.pinsystem.LoginTestCase@2ca47471]" started-at="2024-03-01T17:54:09 IST" name="afterMethod" finished-at="2024-03-01T17:54:10 IST" duration-ms="842" status="PASS">
          <params>
            <param index="0">
              <value>
                <![CDATA[[TestResult name=verify_login_page_withValid_creds status=SUCCESS method=LoginTestCase.verify_login_page_withValid_creds()[pri:0, instance:com.pinsystem.LoginTestCase@2ca47471] output={null}]]]>
              </value>
            </param>
          </params>
          <reporter-output>
          </reporter-output>
        </test-method> <!-- afterMethod -->
        <test-method is-config="true" signature="afterClass()[pri:0, instance:com.pinsystem.LoginTestCase@2ca47471]" started-at="2024-03-01T17:54:10 IST" name="afterClass" finished-at="2024-03-01T17:54:11 IST" duration-ms="1451" status="PASS">
          <reporter-output>
          </reporter-output>
        </test-method> <!-- afterClass -->
      </class> <!-- com.pinsystem.LoginTestCase -->
    </test> <!-- Test -->
  </suite> <!-- Suite -->
</testng-results>
