<?xml version="1.0" encoding="UTF-8"?>
<testng-results ignored="0" total="2" passed="2" failed="0" skipped="0">
  <reporter-output>
  </reporter-output>
  <suite started-at="2025-08-28T11:38:52 IST" name="Suite" finished-at="2025-08-28T11:51:47 IST" duration-ms="775000">
    <groups>
    </groups>
    <test started-at="2025-08-28T11:38:52 IST" name="Test" finished-at="2025-08-28T11:51:47 IST" duration-ms="775000">
      <class name="com.pin.automation.MixmediaScheduleTestCase">
        <test-method is-config="true" signature="beforeSuite(java.lang.String)[pri:0, instance:com.pin.automation.MixmediaScheduleTestCase@214894fc]" started-at="2025-08-28T11:38:52 IST" name="beforeSuite" finished-at="2025-08-28T11:38:52 IST" duration-ms="535" status="PASS">
          <params>
            <param index="0">
              <value>
                <![CDATA[pi2]]>
              </value>
            </param>
          </params>
          <reporter-output>
          </reporter-output>
        </test-method> <!-- beforeSuite -->
        <test-method is-config="true" signature="BeforeClass(java.lang.String)[pri:0, instance:com.pin.automation.MixmediaScheduleTestCase@214894fc]" started-at="2025-08-28T11:38:52 IST" name="BeforeClass" finished-at="2025-08-28T11:39:03 IST" duration-ms="10434" status="PASS">
          <params>
            <param index="0">
              <value>
                <![CDATA[pi2]]>
              </value>
            </param>
          </params>
          <reporter-output>
          </reporter-output>
        </test-method> <!-- BeforeClass -->
        <test-method is-config="true" signature="beforeMethod(java.lang.reflect.Method)[pri:0, instance:com.pin.automation.MixmediaScheduleTestCase@214894fc]" started-at="2025-08-28T11:39:03 IST" name="beforeMethod" finished-at="2025-08-28T11:39:03 IST" duration-ms="7" status="PASS">
          <params>
            <param index="0">
              <value>
                <![CDATA[public void com.pin.automation.MixmediaScheduleTestCase.new_Campaign() throws java.lang.InterruptedException]]>
              </value>
            </param>
          </params>
          <reporter-output>
          </reporter-output>
        </test-method> <!-- beforeMethod -->
        <test-method signature="new_Campaign()[pri:0, instance:com.pin.automation.MixmediaScheduleTestCase@214894fc]" started-at="2025-08-28T11:39:03 IST" name="new_Campaign" description="PINSYS-1808-New Campaign" finished-at="2025-08-28T11:41:22 IST" duration-ms="139279" status="PASS">
          <reporter-output>
          </reporter-output>
        </test-method> <!-- new_Campaign -->
        <test-method is-config="true" signature="afterMethod(org.testng.ITestResult)[pri:0, instance:com.pin.automation.MixmediaScheduleTestCase@214894fc]" started-at="2025-08-28T11:41:22 IST" name="afterMethod" finished-at="2025-08-28T11:41:24 IST" duration-ms="2254" status="PASS">
          <params>
            <param index="0">
              <value>
                <![CDATA[[TestResult name=new_Campaign status=SUCCESS method=MixmediaScheduleTestCase.new_Campaign()[pri:0, instance:com.pin.automation.MixmediaScheduleTestCase@214894fc] output={null}]]]>
              </value>
            </param>
          </params>
          <reporter-output>
          </reporter-output>
        </test-method> <!-- afterMethod -->
        <test-method is-config="true" signature="beforeMethod(java.lang.reflect.Method)[pri:0, instance:com.pin.automation.MixmediaScheduleTestCase@214894fc]" started-at="2025-08-28T11:41:24 IST" name="beforeMethod" finished-at="2025-08-28T11:41:24 IST" duration-ms="2" status="PASS">
          <params>
            <param index="0">
              <value>
                <![CDATA[public void com.pin.automation.MixmediaScheduleTestCase.new_Schedule() throws java.lang.InterruptedException]]>
              </value>
            </param>
          </params>
          <reporter-output>
          </reporter-output>
        </test-method> <!-- beforeMethod -->
        <test-method signature="new_Schedule()[pri:0, instance:com.pin.automation.MixmediaScheduleTestCase@214894fc]" started-at="2025-08-28T11:41:24 IST" name="new_Schedule" description="PINSYS-1813:: New Schedule(New layout)" finished-at="2025-08-28T11:51:41 IST" depends-on-methods="com.pin.automation.MixmediaScheduleTestCase.new_Campaign" duration-ms="616750" status="PASS">
          <reporter-output>
          </reporter-output>
        </test-method> <!-- new_Schedule -->
        <test-method is-config="true" signature="afterMethod(org.testng.ITestResult)[pri:0, instance:com.pin.automation.MixmediaScheduleTestCase@214894fc]" started-at="2025-08-28T11:51:41 IST" name="afterMethod" finished-at="2025-08-28T11:51:45 IST" duration-ms="4213" status="PASS">
          <params>
            <param index="0">
              <value>
                <![CDATA[[TestResult name=new_Schedule status=SUCCESS method=MixmediaScheduleTestCase.new_Schedule()[pri:0, instance:com.pin.automation.MixmediaScheduleTestCase@214894fc] output={null}]]]>
              </value>
            </param>
          </params>
          <reporter-output>
          </reporter-output>
        </test-method> <!-- afterMethod -->
        <test-method is-config="true" signature="afterClass()[pri:0, instance:com.pin.automation.MixmediaScheduleTestCase@214894fc]" started-at="2025-08-28T11:51:45 IST" name="afterClass" finished-at="2025-08-28T11:51:47 IST" duration-ms="1972" status="PASS">
          <reporter-output>
          </reporter-output>
        </test-method> <!-- afterClass -->
      </class> <!-- com.pin.automation.MixmediaScheduleTestCase -->
    </test> <!-- Test -->
  </suite> <!-- Suite -->
</testng-results>
