<?xml version="1.0" encoding="UTF-8"?>
<testng-results ignored="0" total="1" passed="1" failed="0" skipped="0">
  <reporter-output>
  </reporter-output>
  <suite started-at="2024-02-29T16:11:27 IST" name="Default suite" finished-at="2024-02-29T16:12:29 IST" duration-ms="62089">
    <groups>
    </groups>
    <test started-at="2024-02-29T16:11:27 IST" name="Default test" finished-at="2024-02-29T16:12:29 IST" duration-ms="62089">
      <class name="com.pinsystem.TestClass">
        <test-method is-config="true" signature="beforeSuite()[pri:0, instance:com.pinsystem.TestClass@b93aad]" started-at="2024-02-29T16:11:26 IST" name="beforeSuite" finished-at="2024-02-29T16:11:27 IST" duration-ms="1051" status="PASS">
          <reporter-output>
          </reporter-output>
        </test-method> <!-- beforeSuite -->
        <test-method is-config="true" signature="BeforeClass()[pri:0, instance:com.pinsystem.TestClass@b93aad]" started-at="2024-02-29T16:11:27 IST" name="BeforeClass" finished-at="2024-02-29T16:11:44 IST" duration-ms="17020" status="PASS">
          <reporter-output>
          </reporter-output>
        </test-method> <!-- BeforeClass -->
        <test-method is-config="true" signature="beforeMethod(java.lang.reflect.Method)[pri:0, instance:com.pinsystem.TestClass@b93aad]" started-at="2024-02-29T16:11:44 IST" name="beforeMethod" finished-at="2024-02-29T16:11:44 IST" duration-ms="41" status="PASS">
          <params>
            <param index="0">
              <value>
                <![CDATA[public void com.pinsystem.TestClass.SampleRunner() throws java.io.IOException,java.lang.InterruptedException]]>
              </value>
            </param>
          </params>
          <reporter-output>
          </reporter-output>
        </test-method> <!-- beforeMethod -->
        <test-method signature="SampleRunner()[pri:0, instance:com.pinsystem.TestClass@b93aad]" started-at="2024-02-29T16:11:44 IST" name="SampleRunner" finished-at="2024-02-29T16:12:24 IST" duration-ms="40566" status="PASS">
          <reporter-output>
          </reporter-output>
        </test-method> <!-- SampleRunner -->
        <test-method is-config="true" signature="afterMethod(org.testng.ITestResult)[pri:0, instance:com.pinsystem.TestClass@b93aad]" started-at="2024-02-29T16:12:24 IST" name="afterMethod" finished-at="2024-02-29T16:12:26 IST" duration-ms="1713" status="PASS">
          <params>
            <param index="0">
              <value>
                <![CDATA[[TestResult name=SampleRunner status=SUCCESS method=TestClass.SampleRunner()[pri:0, instance:com.pinsystem.TestClass@b93aad] output={null}]]]>
              </value>
            </param>
          </params>
          <reporter-output>
          </reporter-output>
        </test-method> <!-- afterMethod -->
        <test-method is-config="true" signature="afterClass()[pri:0, instance:com.pinsystem.TestClass@b93aad]" started-at="2024-02-29T16:12:26 IST" name="afterClass" finished-at="2024-02-29T16:12:29 IST" duration-ms="2573" status="PASS">
          <reporter-output>
          </reporter-output>
        </test-method> <!-- afterClass -->
      </class> <!-- com.pinsystem.TestClass -->
    </test> <!-- Default test -->
  </suite> <!-- Default suite -->
</testng-results>
