<?xml version="1.0" encoding="UTF-8"?>
<testng-results ignored="0" total="2" passed="2" failed="0" skipped="0">
  <reporter-output>
  </reporter-output>
  <suite started-at="2024-12-10T11:37:03 IST" name="Default suite" finished-at="2024-12-10T11:46:48 IST" duration-ms="584968">
    <groups>
    </groups>
    <test started-at="2024-12-10T11:37:03 IST" name="Default test" finished-at="2024-12-10T11:46:48 IST" duration-ms="584968">
      <class name="com.pinsystem.New_Campaign">
        <test-method is-config="true" signature="beforeSuite()[pri:0, instance:com.pinsystem.New_Campaign@79c4715d]" started-at="2024-12-10T11:37:02 IST" name="beforeSuite" finished-at="2024-12-10T11:37:03 IST" duration-ms="679" status="PASS">
          <reporter-output>
          </reporter-output>
        </test-method> <!-- beforeSuite -->
        <test-method is-config="true" signature="BeforeClass()[pri:0, instance:com.pinsystem.New_Campaign@79c4715d]" started-at="2024-12-10T11:37:03 IST" name="BeforeClass" finished-at="2024-12-10T11:37:14 IST" duration-ms="10525" status="PASS">
          <reporter-output>
          </reporter-output>
        </test-method> <!-- BeforeClass -->
        <test-method is-config="true" signature="beforeMethod(java.lang.reflect.Method)[pri:0, instance:com.pinsystem.New_Campaign@79c4715d]" started-at="2024-12-10T11:37:14 IST" name="beforeMethod" finished-at="2024-12-10T11:37:14 IST" duration-ms="33" status="PASS">
          <params>
            <param index="0">
              <value>
                <![CDATA[public void com.pinsystem.New_Campaign.new_Campaign() throws java.lang.InterruptedException]]>
              </value>
            </param>
          </params>
          <reporter-output>
          </reporter-output>
        </test-method> <!-- beforeMethod -->
        <test-method signature="new_Campaign()[pri:0, instance:com.pinsystem.New_Campaign@79c4715d]" started-at="2024-12-10T11:37:14 IST" name="new_Campaign" description="PINSYS-1808-New Campaign" finished-at="2024-12-10T11:39:21 IST" duration-ms="127214" status="PASS">
          <reporter-output>
          </reporter-output>
        </test-method> <!-- new_Campaign -->
        <test-method is-config="true" signature="afterMethod(org.testng.ITestResult)[pri:0, instance:com.pinsystem.New_Campaign@79c4715d]" started-at="2024-12-10T11:39:21 IST" name="afterMethod" finished-at="2024-12-10T11:39:21 IST" duration-ms="300" status="PASS">
          <params>
            <param index="0">
              <value>
                <![CDATA[[TestResult name=new_Campaign status=SUCCESS method=New_Campaign.new_Campaign()[pri:0, instance:com.pinsystem.New_Campaign@79c4715d] output={null}]]]>
              </value>
            </param>
          </params>
          <reporter-output>
          </reporter-output>
        </test-method> <!-- afterMethod -->
        <test-method is-config="true" signature="beforeMethod(java.lang.reflect.Method)[pri:0, instance:com.pinsystem.New_Campaign@79c4715d]" started-at="2024-12-10T11:39:21 IST" name="beforeMethod" finished-at="2024-12-10T11:39:21 IST" duration-ms="2" status="PASS">
          <params>
            <param index="0">
              <value>
                <![CDATA[public void com.pinsystem.New_Campaign.new_Schedule() throws java.lang.InterruptedException]]>
              </value>
            </param>
          </params>
          <reporter-output>
          </reporter-output>
        </test-method> <!-- beforeMethod -->
        <test-method signature="new_Schedule()[pri:0, instance:com.pinsystem.New_Campaign@79c4715d]" started-at="2024-12-10T11:39:21 IST" name="new_Schedule" description="PINSYS-1813:: New Schedule(New layout)" finished-at="2024-12-10T11:46:41 IST" depends-on-methods="com.pinsystem.New_Campaign.new_Campaign" duration-ms="439951" status="PASS">
          <reporter-output>
          </reporter-output>
        </test-method> <!-- new_Schedule -->
        <test-method is-config="true" signature="afterMethod(org.testng.ITestResult)[pri:0, instance:com.pinsystem.New_Campaign@79c4715d]" started-at="2024-12-10T11:46:41 IST" name="afterMethod" finished-at="2024-12-10T11:46:42 IST" duration-ms="402" status="PASS">
          <params>
            <param index="0">
              <value>
                <![CDATA[[TestResult name=new_Schedule status=SUCCESS method=New_Campaign.new_Schedule()[pri:0, instance:com.pinsystem.New_Campaign@79c4715d] output={null}]]]>
              </value>
            </param>
          </params>
          <reporter-output>
          </reporter-output>
        </test-method> <!-- afterMethod -->
        <test-method is-config="true" signature="afterClass()[pri:0, instance:com.pinsystem.New_Campaign@79c4715d]" started-at="2024-12-10T11:46:42 IST" name="afterClass" finished-at="2024-12-10T11:46:48 IST" duration-ms="6403" status="PASS">
          <reporter-output>
          </reporter-output>
        </test-method> <!-- afterClass -->
      </class> <!-- com.pinsystem.New_Campaign -->
    </test> <!-- Default test -->
  </suite> <!-- Default suite -->
</testng-results>
