<?xml version="1.0" encoding="UTF-8"?>
<testng-results ignored="0" total="3" passed="2" failed="1" skipped="0">
  <reporter-output>
    <line>
      <![CDATA[captureScreen method called]]>
    </line>
    <line>
      <![CDATA[<a href='C:\Users\rasharma\Automation\pinsystem\src\main\resources\screenShots\verify_login_page_withInValid_creds_26_02_2024_03_35_56.png'><img src='C:\Users\rasharma\Automation\pinsystem\src\main\resources\screenShots\verify_login_page_withInValid_creds_26_02_2024_03_35_56.png'height='100' width='100'/></a>]]>
    </line>
    <line>
      <![CDATA[captureScreen method called]]>
    </line>
    <line>
      <![CDATA[<a href='C:\Users\rasharma\Automation\pinsystem\src\main\resources\screenShots\verify_login_page_withOut_username_26_02_2024_03_35_59.png'><img src='C:\Users\rasharma\Automation\pinsystem\src\main\resources\screenShots\verify_login_page_withOut_username_26_02_2024_03_35_59.png'height='100' width='100'/></a>]]>
    </line>
    <line>
      <![CDATA[captureScreen method called]]>
    </line>
    <line>
      <![CDATA[<a href='C:\Users\rasharma\Automation\pinsystem\src\main\resources\screenShots\verify_login_page_withValid_creds_26_02_2024_03_36_09.png'><img src='C:\Users\rasharma\Automation\pinsystem\src\main\resources\screenShots\verify_login_page_withValid_creds_26_02_2024_03_36_09.png'height='100' width='100'/></a>]]>
    </line>
  </reporter-output>
  <suite started-at="2024-02-26T15:35:46 IST" name="Default suite" finished-at="2024-02-26T15:36:10 IST" duration-ms="23917">
    <groups>
    </groups>
    <test started-at="2024-02-26T15:35:46 IST" name="Default test" finished-at="2024-02-26T15:36:10 IST" duration-ms="23917">
      <class name="com.pinsystem.TestLogin">
        <test-method is-config="true" signature="beforeSuite()[pri:0, instance:com.pinsystem.TestLogin@677dbd89]" started-at="2024-02-26T15:35:46 IST" name="beforeSuite" finished-at="2024-02-26T15:35:46 IST" duration-ms="317" status="PASS">
          <reporter-output>
          </reporter-output>
        </test-method> <!-- beforeSuite -->
        <test-method is-config="true" signature="setUp()[pri:0, instance:com.pinsystem.TestLogin@677dbd89]" started-at="2024-02-26T15:35:46 IST" name="setUp" finished-at="2024-02-26T15:35:52 IST" duration-ms="5682" status="PASS">
          <reporter-output>
          </reporter-output>
        </test-method> <!-- setUp -->
        <test-method is-config="true" signature="beforeMethod(java.lang.reflect.Method)[pri:0, instance:com.pinsystem.TestLogin@677dbd89]" started-at="2024-02-26T15:35:52 IST" name="beforeMethod" finished-at="2024-02-26T15:35:52 IST" duration-ms="7" status="PASS">
          <params>
            <param index="0">
              <value>
                <![CDATA[public void com.pinsystem.TestLogin.verify_login_page_withInValid_creds() throws java.lang.InterruptedException,java.io.IOException]]>
              </value>
            </param>
          </params>
          <reporter-output>
          </reporter-output>
        </test-method> <!-- beforeMethod -->
        <test-method signature="verify_login_page_withInValid_creds()[pri:0, instance:com.pinsystem.TestLogin@677dbd89]" started-at="2024-02-26T15:35:52 IST" name="verify_login_page_withInValid_creds" description="PINSYS-1755 : Verifying login with invalid username and password" finished-at="2024-02-26T15:35:56 IST" duration-ms="3930" status="PASS">
          <reporter-output>
          </reporter-output>
        </test-method> <!-- verify_login_page_withInValid_creds -->
        <test-method is-config="true" signature="afterMethod(org.testng.ITestResult)[pri:0, instance:com.pinsystem.TestLogin@677dbd89]" started-at="2024-02-26T15:35:56 IST" name="afterMethod" finished-at="2024-02-26T15:35:56 IST" duration-ms="631" status="PASS">
          <params>
            <param index="0">
              <value>
                <![CDATA[[TestResult name=verify_login_page_withInValid_creds status=SUCCESS method=TestLogin.verify_login_page_withInValid_creds()[pri:0, instance:com.pinsystem.TestLogin@677dbd89] output={null}]]]>
              </value>
            </param>
          </params>
          <reporter-output>
            <line>
              <![CDATA[captureScreen method called]]>
            </line>
            <line>
              <![CDATA[<a href='C:\Users\rasharma\Automation\pinsystem\src\main\resources\screenShots\verify_login_page_withInValid_creds_26_02_2024_03_35_56.png'><img src='C:\Users\rasharma\Automation\pinsystem\src\main\resources\screenShots\verify_login_page_withInValid_creds_26_02_2024_03_35_56.png'height='100' width='100'/></a>]]>
            </line>
          </reporter-output>
        </test-method> <!-- afterMethod -->
        <test-method is-config="true" signature="beforeMethod(java.lang.reflect.Method)[pri:0, instance:com.pinsystem.TestLogin@677dbd89]" started-at="2024-02-26T15:35:56 IST" name="beforeMethod" finished-at="2024-02-26T15:35:56 IST" duration-ms="1" status="PASS">
          <params>
            <param index="0">
              <value>
                <![CDATA[public void com.pinsystem.TestLogin.verify_login_page_withOut_username() throws java.io.IOException,java.lang.InterruptedException]]>
              </value>
            </param>
          </params>
          <reporter-output>
          </reporter-output>
        </test-method> <!-- beforeMethod -->
        <test-method signature="verify_login_page_withOut_username()[pri:1, instance:com.pinsystem.TestLogin@677dbd89]" started-at="2024-02-26T15:35:56 IST" name="verify_login_page_withOut_username" description="PINSYS-1755 : Verifying login with invalid username" finished-at="2024-02-26T15:35:59 IST" duration-ms="3194" status="PASS">
          <reporter-output>
          </reporter-output>
        </test-method> <!-- verify_login_page_withOut_username -->
        <test-method is-config="true" signature="afterMethod(org.testng.ITestResult)[pri:0, instance:com.pinsystem.TestLogin@677dbd89]" started-at="2024-02-26T15:35:59 IST" name="afterMethod" finished-at="2024-02-26T15:36:00 IST" duration-ms="218" status="PASS">
          <params>
            <param index="0">
              <value>
                <![CDATA[[TestResult name=verify_login_page_withOut_username status=SUCCESS method=TestLogin.verify_login_page_withOut_username()[pri:1, instance:com.pinsystem.TestLogin@677dbd89] output={null}]]]>
              </value>
            </param>
          </params>
          <reporter-output>
            <line>
              <![CDATA[captureScreen method called]]>
            </line>
            <line>
              <![CDATA[<a href='C:\Users\rasharma\Automation\pinsystem\src\main\resources\screenShots\verify_login_page_withOut_username_26_02_2024_03_35_59.png'><img src='C:\Users\rasharma\Automation\pinsystem\src\main\resources\screenShots\verify_login_page_withOut_username_26_02_2024_03_35_59.png'height='100' width='100'/></a>]]>
            </line>
          </reporter-output>
        </test-method> <!-- afterMethod -->
        <test-method is-config="true" signature="beforeMethod(java.lang.reflect.Method)[pri:0, instance:com.pinsystem.TestLogin@677dbd89]" started-at="2024-02-26T15:36:00 IST" name="beforeMethod" finished-at="2024-02-26T15:36:00 IST" duration-ms="0" status="PASS">
          <params>
            <param index="0">
              <value>
                <![CDATA[public void com.pinsystem.TestLogin.verify_login_page_withValid_creds() throws java.lang.InterruptedException,java.io.IOException]]>
              </value>
            </param>
          </params>
          <reporter-output>
          </reporter-output>
        </test-method> <!-- beforeMethod -->
        <test-method signature="verify_login_page_withValid_creds()[pri:2, instance:com.pinsystem.TestLogin@677dbd89]" started-at="2024-02-26T15:36:00 IST" name="verify_login_page_withValid_creds" description="PINSYS-1755 : Verifying login with valid username and password" finished-at="2024-02-26T15:36:09 IST" duration-ms="9728" status="FAIL">
          <exception class="java.lang.AssertionError">
            <message>
              <![CDATA[expected [PIN Systemm] but found [PIN System]]]>
            </message>
            <full-stacktrace>
              <![CDATA[java.lang.AssertionError: expected [PIN Systemm] but found [PIN System]
at org.testng.Assert.fail(Assert.java:99)
at org.testng.Assert.failNotEquals(Assert.java:1037)
at org.testng.Assert.assertEqualsImpl(Assert.java:140)
at org.testng.Assert.assertEquals(Assert.java:122)
at org.testng.Assert.assertEquals(Assert.java:629)
at org.testng.Assert.assertEquals(Assert.java:639)
at com.pinsystem.TestLogin.verify_login_page_withValid_creds(TestLogin.java:41)
at java.base/jdk.internal.reflect.NativeMethodAccessorImpl.invoke0(Native Method)
at java.base/jdk.internal.reflect.NativeMethodAccessorImpl.invoke(NativeMethodAccessorImpl.java:77)
at java.base/jdk.internal.reflect.DelegatingMethodAccessorImpl.invoke(DelegatingMethodAccessorImpl.java:43)
at java.base/java.lang.reflect.Method.invoke(Method.java:568)
at org.testng.internal.MethodInvocationHelper.invokeMethod(MethodInvocationHelper.java:133)
at org.testng.internal.TestInvoker.invokeMethod(TestInvoker.java:598)
at org.testng.internal.TestInvoker.invokeTestMethod(TestInvoker.java:173)
at org.testng.internal.MethodRunner.runInSequence(MethodRunner.java:46)
at org.testng.internal.TestInvoker$MethodInvocationAgent.invoke(TestInvoker.java:824)
at org.testng.internal.TestInvoker.invokeTestMethods(TestInvoker.java:146)
at org.testng.internal.TestMethodWorker.invokeTestMethods(TestMethodWorker.java:146)
at org.testng.internal.TestMethodWorker.run(TestMethodWorker.java:128)
at java.base/java.util.ArrayList.forEach(ArrayList.java:1511)
at org.testng.TestRunner.privateRun(TestRunner.java:794)
at org.testng.TestRunner.run(TestRunner.java:596)
at org.testng.SuiteRunner.runTest(SuiteRunner.java:377)
at org.testng.SuiteRunner.runSequentially(SuiteRunner.java:371)
at org.testng.SuiteRunner.privateRun(SuiteRunner.java:332)
at org.testng.SuiteRunner.run(SuiteRunner.java:276)
at org.testng.SuiteRunnerWorker.runSuite(SuiteRunnerWorker.java:53)
at org.testng.SuiteRunnerWorker.run(SuiteRunnerWorker.java:96)
at org.testng.TestNG.runSuitesSequentially(TestNG.java:1212)
at org.testng.TestNG.runSuitesLocally(TestNG.java:1134)
at org.testng.TestNG.runSuites(TestNG.java:1063)
at org.testng.TestNG.run(TestNG.java:1031)
at org.testng.remote.AbstractRemoteTestNG.run(AbstractRemoteTestNG.java:115)
at org.testng.remote.RemoteTestNG.initAndRun(RemoteTestNG.java:251)
at org.testng.remote.RemoteTestNG.main(RemoteTestNG.java:77)
]]>
            </full-stacktrace>
          </exception> <!-- java.lang.AssertionError -->
          <reporter-output>
          </reporter-output>
        </test-method> <!-- verify_login_page_withValid_creds -->
        <test-method is-config="true" signature="afterMethod(org.testng.ITestResult)[pri:0, instance:com.pinsystem.TestLogin@677dbd89]" started-at="2024-02-26T15:36:09 IST" name="afterMethod" finished-at="2024-02-26T15:36:09 IST" duration-ms="147" status="PASS">
          <params>
            <param index="0">
              <value>
                <![CDATA[[TestResult name=verify_login_page_withValid_creds status=FAILURE method=TestLogin.verify_login_page_withValid_creds()[pri:2, instance:com.pinsystem.TestLogin@677dbd89] output={null}]]]>
              </value>
            </param>
          </params>
          <reporter-output>
            <line>
              <![CDATA[captureScreen method called]]>
            </line>
            <line>
              <![CDATA[<a href='C:\Users\rasharma\Automation\pinsystem\src\main\resources\screenShots\verify_login_page_withValid_creds_26_02_2024_03_36_09.png'><img src='C:\Users\rasharma\Automation\pinsystem\src\main\resources\screenShots\verify_login_page_withValid_creds_26_02_2024_03_36_09.png'height='100' width='100'/></a>]]>
            </line>
          </reporter-output>
        </test-method> <!-- afterMethod -->
        <test-method is-config="true" signature="AfterTest()[pri:0, instance:com.pinsystem.TestLogin@677dbd89]" started-at="2024-02-26T15:36:09 IST" name="AfterTest" finished-at="2024-02-26T15:36:10 IST" duration-ms="332" status="PASS">
          <reporter-output>
          </reporter-output>
        </test-method> <!-- AfterTest -->
      </class> <!-- com.pinsystem.TestLogin -->
    </test> <!-- Default test -->
  </suite> <!-- Default suite -->
</testng-results>
