<?xml version="1.0" encoding="UTF-8"?>
<testng-results ignored="0" total="1" passed="1" failed="0" skipped="0">
  <reporter-output>
  </reporter-output>
  <suite started-at="2024-11-12T17:45:56 IST" name="Default suite" finished-at="2024-11-12T17:47:14 IST" duration-ms="78539">
    <groups>
    </groups>
    <test started-at="2024-11-12T17:45:56 IST" name="Default test" finished-at="2024-11-12T17:47:14 IST" duration-ms="78539">
      <class name="com.pinsystem.ForTesting2">
        <test-method is-config="true" signature="beforeSuite()[pri:0, instance:com.pinsystem.ForTesting2@214894fc]" started-at="2024-11-12T17:45:55 IST" name="beforeSuite" finished-at="2024-11-12T17:45:56 IST" duration-ms="505" status="PASS">
          <reporter-output>
          </reporter-output>
        </test-method> <!-- beforeSuite -->
        <test-method is-config="true" signature="BeforeClass()[pri:0, instance:com.pinsystem.ForTesting2@214894fc]" started-at="2024-11-12T17:45:56 IST" name="BeforeClass" finished-at="2024-11-12T17:46:05 IST" duration-ms="9045" status="PASS">
          <reporter-output>
          </reporter-output>
        </test-method> <!-- BeforeClass -->
        <test-method is-config="true" signature="beforeMethod(java.lang.reflect.Method)[pri:0, instance:com.pinsystem.ForTesting2@214894fc]" started-at="2024-11-12T17:46:05 IST" name="beforeMethod" finished-at="2024-11-12T17:46:05 IST" duration-ms="24" status="PASS">
          <params>
            <param index="0">
              <value>
                <![CDATA[public void com.pinsystem.ForTesting2.digital_invoice() throws java.lang.InterruptedException]]>
              </value>
            </param>
          </params>
          <reporter-output>
          </reporter-output>
        </test-method> <!-- beforeMethod -->
        <test-method signature="digital_invoice()[pri:0, instance:com.pinsystem.ForTesting2@214894fc]" started-at="2024-11-12T17:46:05 IST" name="digital_invoice" description="Creating Invoice" finished-at="2024-11-12T17:47:11 IST" duration-ms="65652" status="PASS">
          <reporter-output>
          </reporter-output>
        </test-method> <!-- digital_invoice -->
        <test-method is-config="true" signature="afterMethod(org.testng.ITestResult)[pri:0, instance:com.pinsystem.ForTesting2@214894fc]" started-at="2024-11-12T17:47:11 IST" name="afterMethod" finished-at="2024-11-12T17:47:11 IST" duration-ms="226" status="PASS">
          <params>
            <param index="0">
              <value>
                <![CDATA[[TestResult name=digital_invoice status=SUCCESS method=ForTesting2.digital_invoice()[pri:0, instance:com.pinsystem.ForTesting2@214894fc] output={null}]]]>
              </value>
            </param>
          </params>
          <reporter-output>
          </reporter-output>
        </test-method> <!-- afterMethod -->
        <test-method is-config="true" signature="afterClass()[pri:0, instance:com.pinsystem.ForTesting2@214894fc]" started-at="2024-11-12T17:47:11 IST" name="afterClass" finished-at="2024-11-12T17:47:14 IST" duration-ms="3486" status="PASS">
          <reporter-output>
          </reporter-output>
        </test-method> <!-- afterClass -->
      </class> <!-- com.pinsystem.ForTesting2 -->
    </test> <!-- Default test -->
  </suite> <!-- Default suite -->
</testng-results>
