<?xml version="1.0" encoding="UTF-8"?>
<testng-results ignored="1" total="5" passed="4" failed="0" skipped="0">
  <reporter-output>
  </reporter-output>
  <suite started-at="2024-02-27T14:43:16 IST" name="Suite" finished-at="2024-02-27T14:44:23 IST" duration-ms="67019">
    <groups>
    </groups>
    <test started-at="2024-02-27T14:43:16 IST" name="Test" finished-at="2024-02-27T14:44:23 IST" duration-ms="67019">
      <class name="com.pinsystem.Menu">
        <test-method is-config="true" signature="BeforeClass()[pri:0, instance:com.pinsystem.Menu@5769e7ae]" started-at="2024-02-27T14:43:49 IST" name="BeforeClass" finished-at="2024-02-27T14:43:55 IST" duration-ms="6450" status="PASS">
          <reporter-output>
          </reporter-output>
        </test-method> <!-- BeforeClass -->
        <test-method is-config="true" signature="beforeMethod(java.lang.reflect.Method)[pri:0, instance:com.pinsystem.Menu@5769e7ae]" started-at="2024-02-27T14:43:55 IST" name="beforeMethod" finished-at="2024-02-27T14:43:55 IST" duration-ms="2" status="PASS">
          <params>
            <param index="0">
              <value>
                <![CDATA[public void com.pinsystem.Menu.listBuyingCampaign() throws java.io.IOException,java.lang.InterruptedException]]>
              </value>
            </param>
          </params>
          <reporter-output>
          </reporter-output>
        </test-method> <!-- beforeMethod -->
        <test-method signature="listBuyingCampaign()[pri:0, instance:com.pinsystem.Menu@5769e7ae]" started-at="2024-02-27T14:43:55 IST" name="listBuyingCampaign" finished-at="2024-02-27T14:44:22 IST" duration-ms="27085" status="PASS">
          <reporter-output>
          </reporter-output>
        </test-method> <!-- listBuyingCampaign -->
        <test-method is-config="true" signature="afterMethod(org.testng.ITestResult)[pri:0, instance:com.pinsystem.Menu@5769e7ae]" started-at="2024-02-27T14:44:22 IST" name="afterMethod" finished-at="2024-02-27T14:44:23 IST" duration-ms="252" status="PASS">
          <params>
            <param index="0">
              <value>
                <![CDATA[[TestResult name=listBuyingCampaign status=SUCCESS method=Menu.listBuyingCampaign()[pri:0, instance:com.pinsystem.Menu@5769e7ae] output={null}]]]>
              </value>
            </param>
          </params>
          <reporter-output>
          </reporter-output>
        </test-method> <!-- afterMethod -->
        <test-method is-config="true" signature="afterClass()[pri:0, instance:com.pinsystem.Menu@5769e7ae]" started-at="2024-02-27T14:44:23 IST" name="afterClass" finished-at="2024-02-27T14:44:23 IST" duration-ms="645" status="PASS">
          <reporter-output>
          </reporter-output>
        </test-method> <!-- afterClass -->
      </class> <!-- com.pinsystem.Menu -->
      <class name="com.pinsystem.LoginTestCase">
        <test-method is-config="true" signature="beforeSuite()[pri:0, instance:com.pinsystem.LoginTestCase@677dbd89]" started-at="2024-02-27T14:43:16 IST" name="beforeSuite" finished-at="2024-02-27T14:43:16 IST" duration-ms="619" status="PASS">
          <reporter-output>
          </reporter-output>
        </test-method> <!-- beforeSuite -->
        <test-method is-config="true" signature="BeforeClass()[pri:0, instance:com.pinsystem.LoginTestCase@677dbd89]" started-at="2024-02-27T14:43:16 IST" name="BeforeClass" finished-at="2024-02-27T14:43:29 IST" duration-ms="12437" status="PASS">
          <reporter-output>
          </reporter-output>
        </test-method> <!-- BeforeClass -->
        <test-method is-config="true" signature="beforeMethod(java.lang.reflect.Method)[pri:0, instance:com.pinsystem.LoginTestCase@677dbd89]" started-at="2024-02-27T14:43:29 IST" name="beforeMethod" finished-at="2024-02-27T14:43:29 IST" duration-ms="15" status="PASS">
          <params>
            <param index="0">
              <value>
                <![CDATA[public void com.pinsystem.LoginTestCase.verify_login_page_withInValid_creds() throws java.lang.InterruptedException,java.io.IOException]]>
              </value>
            </param>
          </params>
          <reporter-output>
          </reporter-output>
        </test-method> <!-- beforeMethod -->
        <test-method signature="verify_login_page_withInValid_creds()[pri:0, instance:com.pinsystem.LoginTestCase@677dbd89]" started-at="2024-02-27T14:43:29 IST" name="verify_login_page_withInValid_creds" description="PINSYS-1755 : Verifying login with invalid username and password" finished-at="2024-02-27T14:43:34 IST" duration-ms="5074" status="PASS">
          <reporter-output>
          </reporter-output>
        </test-method> <!-- verify_login_page_withInValid_creds -->
        <test-method is-config="true" signature="afterMethod(org.testng.ITestResult)[pri:0, instance:com.pinsystem.LoginTestCase@677dbd89]" started-at="2024-02-27T14:43:34 IST" name="afterMethod" finished-at="2024-02-27T14:43:36 IST" duration-ms="2063" status="PASS">
          <params>
            <param index="0">
              <value>
                <![CDATA[[TestResult name=verify_login_page_withInValid_creds status=SUCCESS method=LoginTestCase.verify_login_page_withInValid_creds()[pri:0, instance:com.pinsystem.LoginTestCase@677dbd89] output={null}]]]>
              </value>
            </param>
          </params>
          <reporter-output>
          </reporter-output>
        </test-method> <!-- afterMethod -->
        <test-method is-config="true" signature="beforeMethod(java.lang.reflect.Method)[pri:0, instance:com.pinsystem.LoginTestCase@677dbd89]" started-at="2024-02-27T14:43:36 IST" name="beforeMethod" finished-at="2024-02-27T14:43:36 IST" duration-ms="5" status="PASS">
          <params>
            <param index="0">
              <value>
                <![CDATA[public void com.pinsystem.LoginTestCase.verify_login_page_withOut_username() throws java.io.IOException,java.lang.InterruptedException]]>
              </value>
            </param>
          </params>
          <reporter-output>
          </reporter-output>
        </test-method> <!-- beforeMethod -->
        <test-method signature="verify_login_page_withOut_username()[pri:0, instance:com.pinsystem.LoginTestCase@677dbd89]" started-at="2024-02-27T14:43:36 IST" name="verify_login_page_withOut_username" description="PINSYS-1755 : Verifying login with invalid username" finished-at="2024-02-27T14:43:40 IST" duration-ms="3733" status="PASS">
          <reporter-output>
          </reporter-output>
        </test-method> <!-- verify_login_page_withOut_username -->
        <test-method is-config="true" signature="afterMethod(org.testng.ITestResult)[pri:0, instance:com.pinsystem.LoginTestCase@677dbd89]" started-at="2024-02-27T14:43:40 IST" name="afterMethod" finished-at="2024-02-27T14:43:41 IST" duration-ms="882" status="PASS">
          <params>
            <param index="0">
              <value>
                <![CDATA[[TestResult name=verify_login_page_withOut_username status=SUCCESS method=LoginTestCase.verify_login_page_withOut_username()[pri:0, instance:com.pinsystem.LoginTestCase@677dbd89] output={null}]]]>
              </value>
            </param>
          </params>
          <reporter-output>
          </reporter-output>
        </test-method> <!-- afterMethod -->
        <test-method is-config="true" signature="beforeMethod(java.lang.reflect.Method)[pri:0, instance:com.pinsystem.LoginTestCase@677dbd89]" started-at="2024-02-27T14:43:41 IST" name="beforeMethod" finished-at="2024-02-27T14:43:41 IST" duration-ms="2" status="PASS">
          <params>
            <param index="0">
              <value>
                <![CDATA[public void com.pinsystem.LoginTestCase.verify_login_page_withValid_creds() throws java.lang.InterruptedException,java.io.IOException]]>
              </value>
            </param>
          </params>
          <reporter-output>
          </reporter-output>
        </test-method> <!-- beforeMethod -->
        <test-method signature="verify_login_page_withValid_creds()[pri:0, instance:com.pinsystem.LoginTestCase@677dbd89]" started-at="2024-02-27T14:43:41 IST" name="verify_login_page_withValid_creds" description="PINSYS-1755 : Verifying login with valid username and password" finished-at="2024-02-27T14:43:47 IST" duration-ms="6260" status="PASS">
          <reporter-output>
          </reporter-output>
        </test-method> <!-- verify_login_page_withValid_creds -->
        <test-method is-config="true" signature="afterMethod(org.testng.ITestResult)[pri:0, instance:com.pinsystem.LoginTestCase@677dbd89]" started-at="2024-02-27T14:43:47 IST" name="afterMethod" finished-at="2024-02-27T14:43:47 IST" duration-ms="587" status="PASS">
          <params>
            <param index="0">
              <value>
                <![CDATA[[TestResult name=verify_login_page_withValid_creds status=SUCCESS method=LoginTestCase.verify_login_page_withValid_creds()[pri:0, instance:com.pinsystem.LoginTestCase@677dbd89] output={null}]]]>
              </value>
            </param>
          </params>
          <reporter-output>
          </reporter-output>
        </test-method> <!-- afterMethod -->
        <test-method is-config="true" signature="afterClass()[pri:0, instance:com.pinsystem.LoginTestCase@677dbd89]" started-at="2024-02-27T14:43:47 IST" name="afterClass" finished-at="2024-02-27T14:43:49 IST" duration-ms="1432" status="PASS">
          <reporter-output>
          </reporter-output>
        </test-method> <!-- afterClass -->
      </class> <!-- com.pinsystem.LoginTestCase -->
    </test> <!-- Test -->
  </suite> <!-- Suite -->
</testng-results>
