<?xml version="1.0" encoding="UTF-8"?>
<testng-results ignored="0" total="7" passed="7" failed="0" skipped="0">
  <reporter-output>
  </reporter-output>
  <suite started-at="2025-08-29T10:53:24 IST" name="Suite" finished-at="2025-08-29T11:12:18 IST" duration-ms="1134038">
    <groups>
    </groups>
    <test started-at="2025-08-29T10:53:24 IST" name="Test" finished-at="2025-08-29T11:12:18 IST" duration-ms="1134038">
      <class name="com.pin.automation.MixmediaScheduleTestCase">
        <test-method is-config="true" signature="BeforeClass(java.lang.String)[pri:0, instance:com.pin.automation.MixmediaScheduleTestCase@772485dd]" started-at="2025-08-29T11:00:15 IST" name="BeforeClass" finished-at="2025-08-29T11:00:22 IST" duration-ms="6456" status="PASS">
          <params>
            <param index="0">
              <value>
                <![CDATA[pi2]]>
              </value>
            </param>
          </params>
          <reporter-output>
          </reporter-output>
        </test-method> <!-- BeforeClass -->
        <test-method is-config="true" signature="beforeMethod(java.lang.reflect.Method)[pri:0, instance:com.pin.automation.MixmediaScheduleTestCase@772485dd]" started-at="2025-08-29T11:00:22 IST" name="beforeMethod" finished-at="2025-08-29T11:00:22 IST" duration-ms="1" status="PASS">
          <params>
            <param index="0">
              <value>
                <![CDATA[public void com.pin.automation.MixmediaScheduleTestCase.new_Campaign() throws java.lang.InterruptedException]]>
              </value>
            </param>
          </params>
          <reporter-output>
          </reporter-output>
        </test-method> <!-- beforeMethod -->
        <test-method signature="new_Campaign()[pri:0, instance:com.pin.automation.MixmediaScheduleTestCase@772485dd]" started-at="2025-08-29T11:00:22 IST" name="new_Campaign" description="PINSYS-1808-New Campaign" finished-at="2025-08-29T11:02:45 IST" duration-ms="143302" status="PASS">
          <reporter-output>
          </reporter-output>
        </test-method> <!-- new_Campaign -->
        <test-method is-config="true" signature="afterMethod(org.testng.ITestResult)[pri:0, instance:com.pin.automation.MixmediaScheduleTestCase@772485dd]" started-at="2025-08-29T11:02:45 IST" name="afterMethod" finished-at="2025-08-29T11:02:46 IST" duration-ms="1280" status="PASS">
          <params>
            <param index="0">
              <value>
                <![CDATA[[TestResult name=new_Campaign status=SUCCESS method=MixmediaScheduleTestCase.new_Campaign()[pri:0, instance:com.pin.automation.MixmediaScheduleTestCase@772485dd] output={null}]]]>
              </value>
            </param>
          </params>
          <reporter-output>
          </reporter-output>
        </test-method> <!-- afterMethod -->
        <test-method is-config="true" signature="beforeMethod(java.lang.reflect.Method)[pri:0, instance:com.pin.automation.MixmediaScheduleTestCase@772485dd]" started-at="2025-08-29T11:02:46 IST" name="beforeMethod" finished-at="2025-08-29T11:02:46 IST" duration-ms="1" status="PASS">
          <params>
            <param index="0">
              <value>
                <![CDATA[public void com.pin.automation.MixmediaScheduleTestCase.new_Schedule() throws java.lang.InterruptedException]]>
              </value>
            </param>
          </params>
          <reporter-output>
          </reporter-output>
        </test-method> <!-- beforeMethod -->
        <test-method signature="new_Schedule()[pri:0, instance:com.pin.automation.MixmediaScheduleTestCase@772485dd]" started-at="2025-08-29T11:02:46 IST" name="new_Schedule" description="PINSYS-1813:: New Schedule(New layout)" finished-at="2025-08-29T11:12:14 IST" depends-on-methods="com.pin.automation.MixmediaScheduleTestCase.new_Campaign" duration-ms="567784" status="PASS">
          <reporter-output>
          </reporter-output>
        </test-method> <!-- new_Schedule -->
        <test-method is-config="true" signature="afterMethod(org.testng.ITestResult)[pri:0, instance:com.pin.automation.MixmediaScheduleTestCase@772485dd]" started-at="2025-08-29T11:12:14 IST" name="afterMethod" finished-at="2025-08-29T11:12:18 IST" duration-ms="3657" status="PASS">
          <params>
            <param index="0">
              <value>
                <![CDATA[[TestResult name=new_Schedule status=SUCCESS method=MixmediaScheduleTestCase.new_Schedule()[pri:0, instance:com.pin.automation.MixmediaScheduleTestCase@772485dd] output={null}]]]>
              </value>
            </param>
          </params>
          <reporter-output>
          </reporter-output>
        </test-method> <!-- afterMethod -->
        <test-method is-config="true" signature="afterClass()[pri:0, instance:com.pin.automation.MixmediaScheduleTestCase@772485dd]" started-at="2025-08-29T11:12:18 IST" name="afterClass" finished-at="2025-08-29T11:12:18 IST" duration-ms="493" status="PASS">
          <reporter-output>
          </reporter-output>
        </test-method> <!-- afterClass -->
      </class> <!-- com.pin.automation.MixmediaScheduleTestCase -->
      <class name="com.pin.automation.Digital_Campaign_scheduleTestCase">
        <test-method is-config="true" signature="beforeSuite(java.lang.String)[pri:0, instance:com.pin.automation.Digital_Campaign_scheduleTestCase@54336c81]" started-at="2025-08-29T10:53:24 IST" name="beforeSuite" finished-at="2025-08-29T10:53:24 IST" duration-ms="282" status="PASS">
          <params>
            <param index="0">
              <value>
                <![CDATA[pi2]]>
              </value>
            </param>
          </params>
          <reporter-output>
          </reporter-output>
        </test-method> <!-- beforeSuite -->
        <test-method is-config="true" signature="BeforeClass(java.lang.String)[pri:0, instance:com.pin.automation.Digital_Campaign_scheduleTestCase@54336c81]" started-at="2025-08-29T10:53:24 IST" name="BeforeClass" finished-at="2025-08-29T10:53:31 IST" duration-ms="6817" status="PASS">
          <params>
            <param index="0">
              <value>
                <![CDATA[pi2]]>
              </value>
            </param>
          </params>
          <reporter-output>
          </reporter-output>
        </test-method> <!-- BeforeClass -->
        <test-method is-config="true" signature="beforeMethod(java.lang.reflect.Method)[pri:0, instance:com.pin.automation.Digital_Campaign_scheduleTestCase@54336c81]" started-at="2025-08-29T10:53:31 IST" name="beforeMethod" finished-at="2025-08-29T10:53:31 IST" duration-ms="5" status="PASS">
          <params>
            <param index="0">
              <value>
                <![CDATA[public void com.pin.automation.Digital_Campaign_scheduleTestCase.digital_campaign() throws java.lang.InterruptedException]]>
              </value>
            </param>
          </params>
          <reporter-output>
          </reporter-output>
        </test-method> <!-- beforeMethod -->
        <test-method signature="digital_campaign()[pri:0, instance:com.pin.automation.Digital_Campaign_scheduleTestCase@54336c81]" started-at="2025-08-29T10:53:31 IST" name="digital_campaign" description="Digital Campaign" finished-at="2025-08-29T10:55:17 IST" duration-ms="105986" status="PASS">
          <reporter-output>
          </reporter-output>
        </test-method> <!-- digital_campaign -->
        <test-method is-config="true" signature="afterMethod(org.testng.ITestResult)[pri:0, instance:com.pin.automation.Digital_Campaign_scheduleTestCase@54336c81]" started-at="2025-08-29T10:55:17 IST" name="afterMethod" finished-at="2025-08-29T10:55:18 IST" duration-ms="1474" status="PASS">
          <params>
            <param index="0">
              <value>
                <![CDATA[[TestResult name=digital_campaign status=SUCCESS method=Digital_Campaign_scheduleTestCase.digital_campaign()[pri:0, instance:com.pin.automation.Digital_Campaign_scheduleTestCase@54336c81] output={null}]]]>
              </value>
            </param>
          </params>
          <reporter-output>
          </reporter-output>
        </test-method> <!-- afterMethod -->
        <test-method is-config="true" signature="beforeMethod(java.lang.reflect.Method)[pri:0, instance:com.pin.automation.Digital_Campaign_scheduleTestCase@54336c81]" started-at="2025-08-29T10:55:18 IST" name="beforeMethod" finished-at="2025-08-29T10:55:18 IST" duration-ms="1" status="PASS">
          <params>
            <param index="0">
              <value>
                <![CDATA[public void com.pin.automation.Digital_Campaign_scheduleTestCase.Digital_Schedule() throws java.lang.InterruptedException]]>
              </value>
            </param>
          </params>
          <reporter-output>
          </reporter-output>
        </test-method> <!-- beforeMethod -->
        <test-method signature="Digital_Schedule()[pri:0, instance:com.pin.automation.Digital_Campaign_scheduleTestCase@54336c81]" started-at="2025-08-29T10:55:18 IST" name="Digital_Schedule" description="Digital Schedule" finished-at="2025-08-29T10:58:53 IST" depends-on-methods="com.pin.automation.Digital_Campaign_scheduleTestCase.digital_campaign" duration-ms="215049" status="PASS">
          <reporter-output>
          </reporter-output>
        </test-method> <!-- Digital_Schedule -->
        <test-method is-config="true" signature="afterMethod(org.testng.ITestResult)[pri:0, instance:com.pin.automation.Digital_Campaign_scheduleTestCase@54336c81]" started-at="2025-08-29T10:58:53 IST" name="afterMethod" finished-at="2025-08-29T10:58:56 IST" duration-ms="2467" status="PASS">
          <params>
            <param index="0">
              <value>
                <![CDATA[[TestResult name=Digital_Schedule status=SUCCESS method=Digital_Campaign_scheduleTestCase.Digital_Schedule()[pri:0, instance:com.pin.automation.Digital_Campaign_scheduleTestCase@54336c81] output={null}]]]>
              </value>
            </param>
          </params>
          <reporter-output>
          </reporter-output>
        </test-method> <!-- afterMethod -->
        <test-method is-config="true" signature="beforeMethod(java.lang.reflect.Method)[pri:0, instance:com.pin.automation.Digital_Campaign_scheduleTestCase@54336c81]" started-at="2025-08-29T10:58:56 IST" name="beforeMethod" finished-at="2025-08-29T10:58:56 IST" duration-ms="1" status="PASS">
          <params>
            <param index="0">
              <value>
                <![CDATA[public void com.pin.automation.Digital_Campaign_scheduleTestCase.view_line_by_line(boolean) throws java.lang.InterruptedException]]>
              </value>
            </param>
          </params>
          <reporter-output>
          </reporter-output>
        </test-method> <!-- beforeMethod -->
        <test-method signature="view_line_by_line(boolean)[pri:0, instance:com.pin.automation.Digital_Campaign_scheduleTestCase@54336c81]" started-at="2025-08-29T10:58:56 IST" name="view_line_by_line" description="Performing operation on view line by line page" finished-at="2025-08-29T11:00:01 IST" depends-on-methods="com.pin.automation.Digital_Campaign_scheduleTestCase.Digital_Schedule" duration-ms="65315" status="PASS">
          <params>
            <param index="0">
              <value>
                <![CDATA[true]]>
              </value>
            </param>
          </params>
          <reporter-output>
          </reporter-output>
        </test-method> <!-- view_line_by_line -->
        <test-method is-config="true" signature="afterMethod(org.testng.ITestResult)[pri:0, instance:com.pin.automation.Digital_Campaign_scheduleTestCase@54336c81]" started-at="2025-08-29T11:00:01 IST" name="afterMethod" finished-at="2025-08-29T11:00:04 IST" duration-ms="2683" status="PASS">
          <params>
            <param index="0">
              <value>
                <![CDATA[[TestResult name=view_line_by_line status=SUCCESS method=Digital_Campaign_scheduleTestCase.view_line_by_line(boolean)[pri:0, instance:com.pin.automation.Digital_Campaign_scheduleTestCase@54336c81] output={null}]]]>
              </value>
            </param>
          </params>
          <reporter-output>
          </reporter-output>
        </test-method> <!-- afterMethod -->
        <test-method signature="viewMOpage()[pri:0, instance:com.pin.automation.Digital_Campaign_scheduleTestCase@54336c81]" started-at="2025-08-29T11:00:04 IST" name="viewMOpage" description="View MO page" finished-at="2025-08-29T11:00:07 IST" depends-on-methods="com.pin.automation.Digital_Campaign_scheduleTestCase.view_line_by_line" duration-ms="2741" status="PASS">
          <reporter-output>
          </reporter-output>
        </test-method> <!-- viewMOpage -->
        <test-method is-config="true" signature="beforeMethod(java.lang.reflect.Method)[pri:0, instance:com.pin.automation.Digital_Campaign_scheduleTestCase@54336c81]" started-at="2025-08-29T11:00:04 IST" name="beforeMethod" finished-at="2025-08-29T11:00:04 IST" duration-ms="0" status="PASS">
          <params>
            <param index="0">
              <value>
                <![CDATA[public void com.pin.automation.Digital_Campaign_scheduleTestCase.viewMOpage() throws java.lang.InterruptedException]]>
              </value>
            </param>
          </params>
          <reporter-output>
          </reporter-output>
        </test-method> <!-- beforeMethod -->
        <test-method is-config="true" signature="afterMethod(org.testng.ITestResult)[pri:0, instance:com.pin.automation.Digital_Campaign_scheduleTestCase@54336c81]" started-at="2025-08-29T11:00:07 IST" name="afterMethod" finished-at="2025-08-29T11:00:09 IST" duration-ms="2787" status="PASS">
          <params>
            <param index="0">
              <value>
                <![CDATA[[TestResult name=viewMOpage status=SUCCESS method=Digital_Campaign_scheduleTestCase.viewMOpage()[pri:0, instance:com.pin.automation.Digital_Campaign_scheduleTestCase@54336c81] output={null}]]]>
              </value>
            </param>
          </params>
          <reporter-output>
          </reporter-output>
        </test-method> <!-- afterMethod -->
        <test-method signature="clientInvoiceRemark()[pri:0, instance:com.pin.automation.Digital_Campaign_scheduleTestCase@54336c81]" started-at="2025-08-29T11:00:09 IST" name="clientInvoiceRemark" description="Client Invoice Remark" finished-at="2025-08-29T11:00:10 IST" depends-on-methods="com.pin.automation.Digital_Campaign_scheduleTestCase.viewMOpage" duration-ms="360" status="PASS">
          <reporter-output>
          </reporter-output>
        </test-method> <!-- clientInvoiceRemark -->
        <test-method is-config="true" signature="beforeMethod(java.lang.reflect.Method)[pri:0, instance:com.pin.automation.Digital_Campaign_scheduleTestCase@54336c81]" started-at="2025-08-29T11:00:09 IST" name="beforeMethod" finished-at="2025-08-29T11:00:09 IST" duration-ms="0" status="PASS">
          <params>
            <param index="0">
              <value>
                <![CDATA[public void com.pin.automation.Digital_Campaign_scheduleTestCase.clientInvoiceRemark() throws java.lang.InterruptedException]]>
              </value>
            </param>
          </params>
          <reporter-output>
          </reporter-output>
        </test-method> <!-- beforeMethod -->
        <test-method is-config="true" signature="afterMethod(org.testng.ITestResult)[pri:0, instance:com.pin.automation.Digital_Campaign_scheduleTestCase@54336c81]" started-at="2025-08-29T11:00:10 IST" name="afterMethod" finished-at="2025-08-29T11:00:13 IST" duration-ms="2978" status="PASS">
          <params>
            <param index="0">
              <value>
                <![CDATA[[TestResult name=clientInvoiceRemark status=SUCCESS method=Digital_Campaign_scheduleTestCase.clientInvoiceRemark()[pri:0, instance:com.pin.automation.Digital_Campaign_scheduleTestCase@54336c81] output={null}]]]>
              </value>
            </param>
          </params>
          <reporter-output>
          </reporter-output>
        </test-method> <!-- afterMethod -->
        <test-method is-config="true" signature="afterClass()[pri:0, instance:com.pin.automation.Digital_Campaign_scheduleTestCase@54336c81]" started-at="2025-08-29T11:00:13 IST" name="afterClass" finished-at="2025-08-29T11:00:15 IST" duration-ms="2333" status="PASS">
          <reporter-output>
          </reporter-output>
        </test-method> <!-- afterClass -->
      </class> <!-- com.pin.automation.Digital_Campaign_scheduleTestCase -->
    </test> <!-- Test -->
  </suite> <!-- Suite -->
</testng-results>
