<?xml version="1.0" encoding="UTF-8"?>
<testng-results ignored="0" total="1" passed="1" failed="0" skipped="0">
  <reporter-output>
  </reporter-output>
  <suite started-at="2024-11-05T13:15:45 IST" name="Default suite" finished-at="2024-11-05T13:17:57 IST" duration-ms="131752">
    <groups>
    </groups>
    <test started-at="2024-11-05T13:15:45 IST" name="Default test" finished-at="2024-11-05T13:17:57 IST" duration-ms="131752">
      <class name="com.pinsystem.Create_invoice">
        <test-method is-config="true" signature="beforeSuite()[pri:0, instance:com.pinsystem.Create_invoice@27f0ad19]" started-at="2024-11-05T13:15:44 IST" name="beforeSuite" finished-at="2024-11-05T13:15:45 IST" duration-ms="537" status="PASS">
          <reporter-output>
          </reporter-output>
        </test-method> <!-- beforeSuite -->
        <test-method is-config="true" signature="BeforeClass()[pri:0, instance:com.pinsystem.Create_invoice@27f0ad19]" started-at="2024-11-05T13:15:45 IST" name="BeforeClass" finished-at="2024-11-05T13:15:54 IST" duration-ms="9236" status="PASS">
          <reporter-output>
          </reporter-output>
        </test-method> <!-- BeforeClass -->
        <test-method is-config="true" signature="beforeMethod(java.lang.reflect.Method)[pri:0, instance:com.pinsystem.Create_invoice@27f0ad19]" started-at="2024-11-05T13:15:54 IST" name="beforeMethod" finished-at="2024-11-05T13:15:54 IST" duration-ms="17" status="PASS">
          <params>
            <param index="0">
              <value>
                <![CDATA[public void com.pinsystem.Create_invoice.digital_invoice() throws java.lang.InterruptedException]]>
              </value>
            </param>
          </params>
          <reporter-output>
          </reporter-output>
        </test-method> <!-- beforeMethod -->
        <test-method signature="digital_invoice()[pri:0, instance:com.pinsystem.Create_invoice@27f0ad19]" started-at="2024-11-05T13:15:54 IST" name="digital_invoice" finished-at="2024-11-05T13:17:56 IST" duration-ms="122173" status="PASS">
          <reporter-output>
          </reporter-output>
        </test-method> <!-- digital_invoice -->
        <test-method is-config="true" signature="afterMethod(org.testng.ITestResult)[pri:0, instance:com.pinsystem.Create_invoice@27f0ad19]" started-at="2024-11-05T13:17:56 IST" name="afterMethod" finished-at="2024-11-05T13:17:57 IST" duration-ms="248" status="PASS">
          <params>
            <param index="0">
              <value>
                <![CDATA[[TestResult name=digital_invoice status=SUCCESS method=Create_invoice.digital_invoice()[pri:0, instance:com.pinsystem.Create_invoice@27f0ad19] output={null}]]]>
              </value>
            </param>
          </params>
          <reporter-output>
          </reporter-output>
        </test-method> <!-- afterMethod -->
      </class> <!-- com.pinsystem.Create_invoice -->
    </test> <!-- Default test -->
  </suite> <!-- Default suite -->
</testng-results>
