<?xml version="1.0" encoding="UTF-8"?>
<testng-results ignored="0" total="2" passed="2" failed="0" skipped="0">
  <reporter-output>
  </reporter-output>
  <suite started-at="2024-11-06T19:38:20 IST" name="Default suite" finished-at="2024-11-06T19:41:51 IST" duration-ms="210510">
    <groups>
    </groups>
    <test started-at="2024-11-06T19:38:20 IST" name="Default test" finished-at="2024-11-06T19:41:51 IST" duration-ms="210510">
      <class name="com.pinsystem.Create_invoiceAndCreditNote">
        <test-method is-config="true" signature="beforeSuite()[pri:0, instance:com.pinsystem.Create_invoiceAndCreditNote@1ad777f]" started-at="2024-11-06T19:38:20 IST" name="beforeSuite" finished-at="2024-11-06T19:38:20 IST" duration-ms="485" status="PASS">
          <reporter-output>
          </reporter-output>
        </test-method> <!-- beforeSuite -->
        <test-method is-config="true" signature="BeforeClass()[pri:0, instance:com.pinsystem.Create_invoiceAndCreditNote@1ad777f]" started-at="2024-11-06T19:38:20 IST" name="BeforeClass" finished-at="2024-11-06T19:38:29 IST" duration-ms="9109" status="PASS">
          <reporter-output>
          </reporter-output>
        </test-method> <!-- BeforeClass -->
        <test-method is-config="true" signature="beforeMethod(java.lang.reflect.Method)[pri:0, instance:com.pinsystem.Create_invoiceAndCreditNote@1ad777f]" started-at="2024-11-06T19:38:29 IST" name="beforeMethod" finished-at="2024-11-06T19:38:30 IST" duration-ms="23" status="PASS">
          <params>
            <param index="0">
              <value>
                <![CDATA[public void com.pinsystem.Create_invoiceAndCreditNote.digital_invoice() throws java.lang.InterruptedException]]>
              </value>
            </param>
          </params>
          <reporter-output>
          </reporter-output>
        </test-method> <!-- beforeMethod -->
        <test-method signature="digital_invoice()[pri:0, instance:com.pinsystem.Create_invoiceAndCreditNote@1ad777f]" started-at="2024-11-06T19:38:30 IST" name="digital_invoice" description="Creating Invoice" finished-at="2024-11-06T19:40:21 IST" duration-ms="111606" status="PASS">
          <reporter-output>
          </reporter-output>
        </test-method> <!-- digital_invoice -->
        <test-method is-config="true" signature="afterMethod(org.testng.ITestResult)[pri:0, instance:com.pinsystem.Create_invoiceAndCreditNote@1ad777f]" started-at="2024-11-06T19:40:21 IST" name="afterMethod" finished-at="2024-11-06T19:40:21 IST" duration-ms="305" status="PASS">
          <params>
            <param index="0">
              <value>
                <![CDATA[[TestResult name=digital_invoice status=SUCCESS method=Create_invoiceAndCreditNote.digital_invoice()[pri:0, instance:com.pinsystem.Create_invoiceAndCreditNote@1ad777f] output={null}]]]>
              </value>
            </param>
          </params>
          <reporter-output>
          </reporter-output>
        </test-method> <!-- afterMethod -->
        <test-method is-config="true" signature="beforeMethod(java.lang.reflect.Method)[pri:0, instance:com.pinsystem.Create_invoiceAndCreditNote@1ad777f]" started-at="2024-11-06T19:40:21 IST" name="beforeMethod" finished-at="2024-11-06T19:40:21 IST" duration-ms="1" status="PASS">
          <params>
            <param index="0">
              <value>
                <![CDATA[public void com.pinsystem.Create_invoiceAndCreditNote.CreditNote() throws java.lang.InterruptedException]]>
              </value>
            </param>
          </params>
          <reporter-output>
          </reporter-output>
        </test-method> <!-- beforeMethod -->
        <test-method signature="CreditNote()[pri:0, instance:com.pinsystem.Create_invoiceAndCreditNote@1ad777f]" started-at="2024-11-06T19:40:21 IST" name="CreditNote" description="Creating Credit Note" finished-at="2024-11-06T19:41:49 IST" depends-on-methods="com.pinsystem.Create_invoiceAndCreditNote.digital_invoice" duration-ms="87802" status="PASS">
          <reporter-output>
          </reporter-output>
        </test-method> <!-- CreditNote -->
        <test-method is-config="true" signature="afterMethod(org.testng.ITestResult)[pri:0, instance:com.pinsystem.Create_invoiceAndCreditNote@1ad777f]" started-at="2024-11-06T19:41:49 IST" name="afterMethod" finished-at="2024-11-06T19:41:49 IST" duration-ms="223" status="PASS">
          <params>
            <param index="0">
              <value>
                <![CDATA[[TestResult name=CreditNote status=SUCCESS method=Create_invoiceAndCreditNote.CreditNote()[pri:0, instance:com.pinsystem.Create_invoiceAndCreditNote@1ad777f] output={null}]]]>
              </value>
            </param>
          </params>
          <reporter-output>
          </reporter-output>
        </test-method> <!-- afterMethod -->
        <test-method is-config="true" signature="afterClass()[pri:0, instance:com.pinsystem.Create_invoiceAndCreditNote@1ad777f]" started-at="2024-11-06T19:41:49 IST" name="afterClass" finished-at="2024-11-06T19:41:51 IST" duration-ms="1328" status="PASS">
          <reporter-output>
          </reporter-output>
        </test-method> <!-- afterClass -->
      </class> <!-- com.pinsystem.Create_invoiceAndCreditNote -->
    </test> <!-- Default test -->
  </suite> <!-- Default suite -->
</testng-results>
