<?xml version="1.0" encoding="UTF-8"?>
<testng-results ignored="0" total="2" passed="2" failed="0" skipped="0">
  <reporter-output>
  </reporter-output>
  <suite started-at="2024-11-06T18:59:39 IST" name="Default suite" finished-at="2024-11-06T19:03:19 IST" duration-ms="220522">
    <groups>
    </groups>
    <test started-at="2024-11-06T18:59:39 IST" name="Default test" finished-at="2024-11-06T19:03:19 IST" duration-ms="220522">
      <class name="com.pinsystem.Create_invoiceAndCreditNote">
        <test-method is-config="true" signature="beforeSuite()[pri:0, instance:com.pinsystem.Create_invoiceAndCreditNote@1af05b03]" started-at="2024-11-06T18:59:38 IST" name="beforeSuite" finished-at="2024-11-06T18:59:39 IST" duration-ms="485" status="PASS">
          <reporter-output>
          </reporter-output>
        </test-method> <!-- beforeSuite -->
        <test-method is-config="true" signature="BeforeClass()[pri:0, instance:com.pinsystem.Create_invoiceAndCreditNote@1af05b03]" started-at="2024-11-06T18:59:39 IST" name="BeforeClass" finished-at="2024-11-06T18:59:47 IST" duration-ms="8363" status="PASS">
          <reporter-output>
          </reporter-output>
        </test-method> <!-- BeforeClass -->
        <test-method is-config="true" signature="beforeMethod(java.lang.reflect.Method)[pri:0, instance:com.pinsystem.Create_invoiceAndCreditNote@1af05b03]" started-at="2024-11-06T18:59:47 IST" name="beforeMethod" finished-at="2024-11-06T18:59:47 IST" duration-ms="17" status="PASS">
          <params>
            <param index="0">
              <value>
                <![CDATA[public void com.pinsystem.Create_invoiceAndCreditNote.digital_invoice() throws java.lang.InterruptedException]]>
              </value>
            </param>
          </params>
          <reporter-output>
          </reporter-output>
        </test-method> <!-- beforeMethod -->
        <test-method signature="digital_invoice()[pri:0, instance:com.pinsystem.Create_invoiceAndCreditNote@1af05b03]" started-at="2024-11-06T18:59:47 IST" name="digital_invoice" description="Creating Invoice" finished-at="2024-11-06T19:01:47 IST" duration-ms="120165" status="PASS">
          <reporter-output>
          </reporter-output>
        </test-method> <!-- digital_invoice -->
        <test-method is-config="true" signature="afterMethod(org.testng.ITestResult)[pri:0, instance:com.pinsystem.Create_invoiceAndCreditNote@1af05b03]" started-at="2024-11-06T19:01:47 IST" name="afterMethod" finished-at="2024-11-06T19:01:48 IST" duration-ms="315" status="PASS">
          <params>
            <param index="0">
              <value>
                <![CDATA[[TestResult name=digital_invoice status=SUCCESS method=Create_invoiceAndCreditNote.digital_invoice()[pri:0, instance:com.pinsystem.Create_invoiceAndCreditNote@1af05b03] output={null}]]]>
              </value>
            </param>
          </params>
          <reporter-output>
          </reporter-output>
        </test-method> <!-- afterMethod -->
        <test-method is-config="true" signature="beforeMethod(java.lang.reflect.Method)[pri:0, instance:com.pinsystem.Create_invoiceAndCreditNote@1af05b03]" started-at="2024-11-06T19:01:48 IST" name="beforeMethod" finished-at="2024-11-06T19:01:48 IST" duration-ms="1" status="PASS">
          <params>
            <param index="0">
              <value>
                <![CDATA[public void com.pinsystem.Create_invoiceAndCreditNote.CreditNote() throws java.lang.InterruptedException]]>
              </value>
            </param>
          </params>
          <reporter-output>
          </reporter-output>
        </test-method> <!-- beforeMethod -->
        <test-method signature="CreditNote()[pri:0, instance:com.pinsystem.Create_invoiceAndCreditNote@1af05b03]" started-at="2024-11-06T19:01:48 IST" name="CreditNote" description="Creating Credit Note" finished-at="2024-11-06T19:03:17 IST" depends-on-methods="com.pinsystem.Create_invoiceAndCreditNote.digital_invoice" duration-ms="89020" status="PASS">
          <reporter-output>
          </reporter-output>
        </test-method> <!-- CreditNote -->
        <test-method is-config="true" signature="afterMethod(org.testng.ITestResult)[pri:0, instance:com.pinsystem.Create_invoiceAndCreditNote@1af05b03]" started-at="2024-11-06T19:03:17 IST" name="afterMethod" finished-at="2024-11-06T19:03:17 IST" duration-ms="252" status="PASS">
          <params>
            <param index="0">
              <value>
                <![CDATA[[TestResult name=CreditNote status=SUCCESS method=Create_invoiceAndCreditNote.CreditNote()[pri:0, instance:com.pinsystem.Create_invoiceAndCreditNote@1af05b03] output={null}]]]>
              </value>
            </param>
          </params>
          <reporter-output>
          </reporter-output>
        </test-method> <!-- afterMethod -->
        <test-method is-config="true" signature="afterClass()[pri:0, instance:com.pinsystem.Create_invoiceAndCreditNote@1af05b03]" started-at="2024-11-06T19:03:17 IST" name="afterClass" finished-at="2024-11-06T19:03:19 IST" duration-ms="2287" status="PASS">
          <reporter-output>
          </reporter-output>
        </test-method> <!-- afterClass -->
      </class> <!-- com.pinsystem.Create_invoiceAndCreditNote -->
    </test> <!-- Default test -->
  </suite> <!-- Default suite -->
</testng-results>
