<?xml version="1.0" encoding="UTF-8"?>
<testng-results ignored="0" total="2" passed="1" failed="1" skipped="0">
  <reporter-output>
  </reporter-output>
  <suite started-at="2024-04-16T13:27:51 IST" name="Default suite" finished-at="2024-04-16T13:32:03 IST" duration-ms="252229">
    <groups>
    </groups>
    <test started-at="2024-04-16T13:27:51 IST" name="Default test" finished-at="2024-04-16T13:32:03 IST" duration-ms="252229">
      <class name="com.pinsystem.New_Campaign">
        <test-method is-config="true" signature="beforeSuite()[pri:0, instance:com.pinsystem.New_Campaign@54afd745]" started-at="2024-04-16T13:27:50 IST" name="beforeSuite" finished-at="2024-04-16T13:27:51 IST" duration-ms="605" status="PASS">
          <reporter-output>
          </reporter-output>
        </test-method> <!-- beforeSuite -->
        <test-method is-config="true" signature="BeforeClass()[pri:0, instance:com.pinsystem.New_Campaign@54afd745]" started-at="2024-04-16T13:27:51 IST" name="BeforeClass" finished-at="2024-04-16T13:28:00 IST" duration-ms="9242" status="PASS">
          <reporter-output>
          </reporter-output>
        </test-method> <!-- BeforeClass -->
        <test-method is-config="true" signature="beforeMethod(java.lang.reflect.Method)[pri:0, instance:com.pinsystem.New_Campaign@54afd745]" started-at="2024-04-16T13:28:00 IST" name="beforeMethod" finished-at="2024-04-16T13:28:00 IST" duration-ms="12" status="PASS">
          <params>
            <param index="0">
              <value>
                <![CDATA[public void com.pinsystem.New_Campaign.new_Campaign() throws java.lang.InterruptedException]]>
              </value>
            </param>
          </params>
          <reporter-output>
          </reporter-output>
        </test-method> <!-- beforeMethod -->
        <test-method signature="new_Campaign()[pri:0, instance:com.pinsystem.New_Campaign@54afd745]" started-at="2024-04-16T13:28:00 IST" name="new_Campaign" description="PINSYS-1808-New Campaign" finished-at="2024-04-16T13:29:58 IST" duration-ms="117909" status="PASS">
          <reporter-output>
          </reporter-output>
        </test-method> <!-- new_Campaign -->
        <test-method is-config="true" signature="afterMethod(org.testng.ITestResult)[pri:0, instance:com.pinsystem.New_Campaign@54afd745]" started-at="2024-04-16T13:29:58 IST" name="afterMethod" finished-at="2024-04-16T13:29:59 IST" duration-ms="1307" status="PASS">
          <params>
            <param index="0">
              <value>
                <![CDATA[[TestResult name=new_Campaign status=SUCCESS method=New_Campaign.new_Campaign()[pri:0, instance:com.pinsystem.New_Campaign@54afd745] output={null}]]]>
              </value>
            </param>
          </params>
          <reporter-output>
          </reporter-output>
        </test-method> <!-- afterMethod -->
        <test-method is-config="true" signature="beforeMethod(java.lang.reflect.Method)[pri:0, instance:com.pinsystem.New_Campaign@54afd745]" started-at="2024-04-16T13:29:59 IST" name="beforeMethod" finished-at="2024-04-16T13:29:59 IST" duration-ms="3" status="PASS">
          <params>
            <param index="0">
              <value>
                <![CDATA[public void com.pinsystem.New_Campaign.new_Schedule() throws java.lang.InterruptedException]]>
              </value>
            </param>
          </params>
          <reporter-output>
          </reporter-output>
        </test-method> <!-- beforeMethod -->
        <test-method signature="new_Schedule()[pri:0, instance:com.pinsystem.New_Campaign@54afd745]" started-at="2024-04-16T13:29:59 IST" name="new_Schedule" description="PINSYS-1813:: New Schedule(New layout)" finished-at="2024-04-16T13:32:02 IST" depends-on-methods="com.pinsystem.New_Campaign.new_Campaign" duration-ms="122634" status="FAIL">
          <exception class="java.lang.NullPointerException">
            <message>
              <![CDATA[Cannot invoke "org.openqa.selenium.WebElement.getTagName()" because "element" is null]]>
            </message>
            <full-stacktrace>
              <![CDATA[java.lang.NullPointerException: Cannot invoke "org.openqa.selenium.WebElement.getTagName()" because "element" is null
at org.openqa.selenium.support.ui.Select.<init>(Select.java:43)
at com.pinsystem.utils.DropDownHelper.selectUsingValue(DropDownHelper.java:25)
at com.pinsystem.pageObjects.MixMediaSchedule.cinema_placement(MixMediaSchedule.java:91)
at com.pinsystem.New_Campaign.new_Schedule(New_Campaign.java:72)
at java.base/jdk.internal.reflect.NativeMethodAccessorImpl.invoke0(Native Method)
at java.base/jdk.internal.reflect.NativeMethodAccessorImpl.invoke(NativeMethodAccessorImpl.java:77)
at java.base/jdk.internal.reflect.DelegatingMethodAccessorImpl.invoke(DelegatingMethodAccessorImpl.java:43)
at java.base/java.lang.reflect.Method.invoke(Method.java:568)
at org.testng.internal.MethodInvocationHelper.invokeMethod(MethodInvocationHelper.java:133)
at org.testng.internal.TestInvoker.invokeMethod(TestInvoker.java:598)
at org.testng.internal.TestInvoker.invokeTestMethod(TestInvoker.java:173)
at org.testng.internal.MethodRunner.runInSequence(MethodRunner.java:46)
at org.testng.internal.TestInvoker$MethodInvocationAgent.invoke(TestInvoker.java:824)
at org.testng.internal.TestInvoker.invokeTestMethods(TestInvoker.java:146)
at org.testng.internal.TestMethodWorker.invokeTestMethods(TestMethodWorker.java:146)
at org.testng.internal.TestMethodWorker.run(TestMethodWorker.java:128)
at java.base/java.util.ArrayList.forEach(ArrayList.java:1511)
at org.testng.TestRunner.privateRun(TestRunner.java:794)
at org.testng.TestRunner.run(TestRunner.java:596)
at org.testng.SuiteRunner.runTest(SuiteRunner.java:377)
at org.testng.SuiteRunner.runSequentially(SuiteRunner.java:371)
at org.testng.SuiteRunner.privateRun(SuiteRunner.java:332)
at org.testng.SuiteRunner.run(SuiteRunner.java:276)
at org.testng.SuiteRunnerWorker.runSuite(SuiteRunnerWorker.java:53)
at org.testng.SuiteRunnerWorker.run(SuiteRunnerWorker.java:96)
at org.testng.TestNG.runSuitesSequentially(TestNG.java:1212)
at org.testng.TestNG.runSuitesLocally(TestNG.java:1134)
at org.testng.TestNG.runSuites(TestNG.java:1063)
at org.testng.TestNG.run(TestNG.java:1031)
at org.testng.remote.AbstractRemoteTestNG.run(AbstractRemoteTestNG.java:115)
at org.testng.remote.RemoteTestNG.initAndRun(RemoteTestNG.java:251)
at org.testng.remote.RemoteTestNG.main(RemoteTestNG.java:77)
]]>
            </full-stacktrace>
          </exception> <!-- java.lang.NullPointerException -->
          <reporter-output>
          </reporter-output>
        </test-method> <!-- new_Schedule -->
        <test-method is-config="true" signature="afterMethod(org.testng.ITestResult)[pri:0, instance:com.pinsystem.New_Campaign@54afd745]" started-at="2024-04-16T13:32:02 IST" name="afterMethod" finished-at="2024-04-16T13:32:02 IST" duration-ms="482" status="PASS">
          <params>
            <param index="0">
              <value>
                <![CDATA[[TestResult name=new_Schedule status=FAILURE method=New_Campaign.new_Schedule()[pri:0, instance:com.pinsystem.New_Campaign@54afd745] output={null}]]]>
              </value>
            </param>
          </params>
          <reporter-output>
          </reporter-output>
        </test-method> <!-- afterMethod -->
        <test-method is-config="true" signature="afterClass()[pri:0, instance:com.pinsystem.New_Campaign@54afd745]" started-at="2024-04-16T13:32:02 IST" name="afterClass" finished-at="2024-04-16T13:32:03 IST" duration-ms="545" status="PASS">
          <reporter-output>
          </reporter-output>
        </test-method> <!-- afterClass -->
      </class> <!-- com.pinsystem.New_Campaign -->
    </test> <!-- Default test -->
  </suite> <!-- Default suite -->
</testng-results>
